{"D:\\project\\contxt\\EcoDreamOmni\\apps\\frontend\\src\\App.tsx": {"path":"D:\\project\\contxt\\EcoDreamOmni\\apps\\frontend\\src\\App.tsx","statementMap":{"0":{"start":{"line":11,"column":6},"end":{"line":11,"column":null}},"1":{"start":{"line":11,"column":31},"end":{"line":11,"column":null}},"2":{"start":{"line":11,"column":74},"end":{"line":11,"column":null}},"3":{"start":{"line":12,"column":6},"end":{"line":12,"column":null}},"4":{"start":{"line":12,"column":37},"end":{"line":12,"column":null}},"5":{"start":{"line":12,"column":86},"end":{"line":12,"column":null}},"6":{"start":{"line":13,"column":6},"end":{"line":13,"column":null}},"7":{"start":{"line":13,"column":36},"end":{"line":13,"column":null}},"8":{"start":{"line":13,"column":84},"end":{"line":13,"column":null}},"9":{"start":{"line":14,"column":6},"end":{"line":14,"column":null}},"10":{"start":{"line":14,"column":35},"end":{"line":14,"column":null}},"11":{"start":{"line":14,"column":82},"end":{"line":14,"column":null}},"12":{"start":{"line":15,"column":6},"end":{"line":15,"column":null}},"13":{"start":{"line":15,"column":34},"end":{"line":15,"column":null}},"14":{"start":{"line":15,"column":80},"end":{"line":15,"column":null}},"15":{"start":{"line":18,"column":6},"end":{"line":18,"column":null}},"16":{"start":{"line":18,"column":34},"end":{"line":18,"column":null}},"17":{"start":{"line":18,"column":80},"end":{"line":18,"column":null}},"18":{"start":{"line":19,"column":6},"end":{"line":19,"column":null}},"19":{"start":{"line":19,"column":43},"end":{"line":19,"column":null}},"20":{"start":{"line":19,"column":98},"end":{"line":19,"column":null}},"21":{"start":{"line":20,"column":6},"end":{"line":20,"column":null}},"22":{"start":{"line":20,"column":43},"end":{"line":20,"column":null}},"23":{"start":{"line":20,"column":98},"end":{"line":20,"column":null}},"24":{"start":{"line":21,"column":6},"end":{"line":21,"column":null}},"25":{"start":{"line":21,"column":33},"end":{"line":21,"column":null}},"26":{"start":{"line":21,"column":78},"end":{"line":21,"column":null}},"27":{"start":{"line":24,"column":6},"end":{"line":24,"column":null}},"28":{"start":{"line":24,"column":35},"end":{"line":24,"column":null}},"29":{"start":{"line":24,"column":82},"end":{"line":24,"column":null}},"30":{"start":{"line":25,"column":6},"end":{"line":25,"column":null}},"31":{"start":{"line":25,"column":42},"end":{"line":25,"column":null}},"32":{"start":{"line":25,"column":96},"end":{"line":25,"column":null}},"33":{"start":{"line":26,"column":6},"end":{"line":26,"column":null}},"34":{"start":{"line":26,"column":35},"end":{"line":26,"column":null}},"35":{"start":{"line":26,"column":82},"end":{"line":26,"column":null}},"36":{"start":{"line":29,"column":6},"end":{"line":29,"column":null}},"37":{"start":{"line":29,"column":32},"end":{"line":29,"column":null}},"38":{"start":{"line":29,"column":76},"end":{"line":29,"column":null}},"39":{"start":{"line":30,"column":6},"end":{"line":30,"column":null}},"40":{"start":{"line":30,"column":38},"end":{"line":30,"column":null}},"41":{"start":{"line":30,"column":88},"end":{"line":30,"column":null}},"42":{"start":{"line":31,"column":6},"end":{"line":31,"column":null}},"43":{"start":{"line":31,"column":34},"end":{"line":31,"column":null}},"44":{"start":{"line":31,"column":80},"end":{"line":31,"column":null}},"45":{"start":{"line":34,"column":6},"end":{"line":34,"column":null}},"46":{"start":{"line":34,"column":39},"end":{"line":34,"column":null}},"47":{"start":{"line":34,"column":90},"end":{"line":34,"column":null}},"48":{"start":{"line":35,"column":6},"end":{"line":35,"column":null}},"49":{"start":{"line":35,"column":35},"end":{"line":35,"column":null}},"50":{"start":{"line":35,"column":82},"end":{"line":35,"column":null}},"51":{"start":{"line":38,"column":6},"end":{"line":38,"column":null}},"52":{"start":{"line":38,"column":37},"end":{"line":38,"column":null}},"53":{"start":{"line":38,"column":86},"end":{"line":38,"column":null}},"54":{"start":{"line":39,"column":6},"end":{"line":39,"column":null}},"55":{"start":{"line":39,"column":38},"end":{"line":39,"column":null}},"56":{"start":{"line":39,"column":88},"end":{"line":39,"column":null}},"57":{"start":{"line":40,"column":6},"end":{"line":40,"column":null}},"58":{"start":{"line":40,"column":35},"end":{"line":40,"column":null}},"59":{"start":{"line":40,"column":82},"end":{"line":40,"column":null}},"60":{"start":{"line":41,"column":6},"end":{"line":41,"column":null}},"61":{"start":{"line":41,"column":32},"end":{"line":41,"column":null}},"62":{"start":{"line":41,"column":76},"end":{"line":41,"column":null}},"63":{"start":{"line":42,"column":6},"end":{"line":42,"column":null}},"64":{"start":{"line":42,"column":33},"end":{"line":42,"column":null}},"65":{"start":{"line":42,"column":78},"end":{"line":42,"column":null}},"66":{"start":{"line":43,"column":6},"end":{"line":43,"column":null}},"67":{"start":{"line":43,"column":32},"end":{"line":43,"column":null}},"68":{"start":{"line":43,"column":76},"end":{"line":43,"column":null}},"69":{"start":{"line":44,"column":6},"end":{"line":44,"column":null}},"70":{"start":{"line":44,"column":31},"end":{"line":44,"column":null}},"71":{"start":{"line":44,"column":74},"end":{"line":44,"column":null}},"72":{"start":{"line":47,"column":2},"end":{"line":53,"column":null}},"73":{"start":{"line":58,"column":10},"end":{"line":58,"column":44}},"74":{"start":{"line":59,"column":2},"end":{"line":59,"column":null}},"75":{"start":{"line":63,"column":2},"end":{"line":66,"column":null}},"76":{"start":{"line":71,"column":2},"end":{"line":141,"column":null}},"77":{"start":{"line":146,"column":2},"end":{"line":149,"column":null}}},"fnMap":{"0":{"name":"(anonymous_0)","decl":{"start":{"line":11,"column":20},"end":{"line":11,"column":31}},"loc":{"start":{"line":11,"column":31},"end":{"line":11,"column":null}},"line":11},"1":{"name":"(anonymous_1)","decl":{"start":{"line":11,"column":66},"end":{"line":11,"column":72}},"loc":{"start":{"line":11,"column":74},"end":{"line":11,"column":null}},"line":11},"2":{"name":"(anonymous_2)","decl":{"start":{"line":12,"column":26},"end":{"line":12,"column":37}},"loc":{"start":{"line":12,"column":37},"end":{"line":12,"column":null}},"line":12},"3":{"name":"(anonymous_3)","decl":{"start":{"line":12,"column":78},"end":{"line":12,"column":84}},"loc":{"start":{"line":12,"column":86},"end":{"line":12,"column":null}},"line":12},"4":{"name":"(anonymous_4)","decl":{"start":{"line":13,"column":25},"end":{"line":13,"column":36}},"loc":{"start":{"line":13,"column":36},"end":{"line":13,"column":null}},"line":13},"5":{"name":"(anonymous_5)","decl":{"start":{"line":13,"column":76},"end":{"line":13,"column":82}},"loc":{"start":{"line":13,"column":84},"end":{"line":13,"column":null}},"line":13},"6":{"name":"(anonymous_6)","decl":{"start":{"line":14,"column":24},"end":{"line":14,"column":35}},"loc":{"start":{"line":14,"column":35},"end":{"line":14,"column":null}},"line":14},"7":{"name":"(anonymous_7)","decl":{"start":{"line":14,"column":74},"end":{"line":14,"column":80}},"loc":{"start":{"line":14,"column":82},"end":{"line":14,"column":null}},"line":14},"8":{"name":"(anonymous_8)","decl":{"start":{"line":15,"column":23},"end":{"line":15,"column":34}},"loc":{"start":{"line":15,"column":34},"end":{"line":15,"column":null}},"line":15},"9":{"name":"(anonymous_9)","decl":{"start":{"line":15,"column":72},"end":{"line":15,"column":78}},"loc":{"start":{"line":15,"column":80},"end":{"line":15,"column":null}},"line":15},"10":{"name":"(anonymous_10)","decl":{"start":{"line":18,"column":23},"end":{"line":18,"column":34}},"loc":{"start":{"line":18,"column":34},"end":{"line":18,"column":null}},"line":18},"11":{"name":"(anonymous_11)","decl":{"start":{"line":18,"column":72},"end":{"line":18,"column":78}},"loc":{"start":{"line":18,"column":80},"end":{"line":18,"column":null}},"line":18},"12":{"name":"(anonymous_12)","decl":{"start":{"line":19,"column":32},"end":{"line":19,"column":43}},"loc":{"start":{"line":19,"column":43},"end":{"line":19,"column":null}},"line":19},"13":{"name":"(anonymous_13)","decl":{"start":{"line":19,"column":90},"end":{"line":19,"column":96}},"loc":{"start":{"line":19,"column":98},"end":{"line":19,"column":null}},"line":19},"14":{"name":"(anonymous_14)","decl":{"start":{"line":20,"column":32},"end":{"line":20,"column":43}},"loc":{"start":{"line":20,"column":43},"end":{"line":20,"column":null}},"line":20},"15":{"name":"(anonymous_15)","decl":{"start":{"line":20,"column":90},"end":{"line":20,"column":96}},"loc":{"start":{"line":20,"column":98},"end":{"line":20,"column":null}},"line":20},"16":{"name":"(anonymous_16)","decl":{"start":{"line":21,"column":22},"end":{"line":21,"column":33}},"loc":{"start":{"line":21,"column":33},"end":{"line":21,"column":null}},"line":21},"17":{"name":"(anonymous_17)","decl":{"start":{"line":21,"column":70},"end":{"line":21,"column":76}},"loc":{"start":{"line":21,"column":78},"end":{"line":21,"column":null}},"line":21},"18":{"name":"(anonymous_18)","decl":{"start":{"line":24,"column":24},"end":{"line":24,"column":35}},"loc":{"start":{"line":24,"column":35},"end":{"line":24,"column":null}},"line":24},"19":{"name":"(anonymous_19)","decl":{"start":{"line":24,"column":74},"end":{"line":24,"column":80}},"loc":{"start":{"line":24,"column":82},"end":{"line":24,"column":null}},"line":24},"20":{"name":"(anonymous_20)","decl":{"start":{"line":25,"column":31},"end":{"line":25,"column":42}},"loc":{"start":{"line":25,"column":42},"end":{"line":25,"column":null}},"line":25},"21":{"name":"(anonymous_21)","decl":{"start":{"line":25,"column":88},"end":{"line":25,"column":94}},"loc":{"start":{"line":25,"column":96},"end":{"line":25,"column":null}},"line":25},"22":{"name":"(anonymous_22)","decl":{"start":{"line":26,"column":24},"end":{"line":26,"column":35}},"loc":{"start":{"line":26,"column":35},"end":{"line":26,"column":null}},"line":26},"23":{"name":"(anonymous_23)","decl":{"start":{"line":26,"column":74},"end":{"line":26,"column":80}},"loc":{"start":{"line":26,"column":82},"end":{"line":26,"column":null}},"line":26},"24":{"name":"(anonymous_24)","decl":{"start":{"line":29,"column":21},"end":{"line":29,"column":32}},"loc":{"start":{"line":29,"column":32},"end":{"line":29,"column":null}},"line":29},"25":{"name":"(anonymous_25)","decl":{"start":{"line":29,"column":68},"end":{"line":29,"column":74}},"loc":{"start":{"line":29,"column":76},"end":{"line":29,"column":null}},"line":29},"26":{"name":"(anonymous_26)","decl":{"start":{"line":30,"column":27},"end":{"line":30,"column":38}},"loc":{"start":{"line":30,"column":38},"end":{"line":30,"column":null}},"line":30},"27":{"name":"(anonymous_27)","decl":{"start":{"line":30,"column":80},"end":{"line":30,"column":86}},"loc":{"start":{"line":30,"column":88},"end":{"line":30,"column":null}},"line":30},"28":{"name":"(anonymous_28)","decl":{"start":{"line":31,"column":23},"end":{"line":31,"column":34}},"loc":{"start":{"line":31,"column":34},"end":{"line":31,"column":null}},"line":31},"29":{"name":"(anonymous_29)","decl":{"start":{"line":31,"column":72},"end":{"line":31,"column":78}},"loc":{"start":{"line":31,"column":80},"end":{"line":31,"column":null}},"line":31},"30":{"name":"(anonymous_30)","decl":{"start":{"line":34,"column":28},"end":{"line":34,"column":39}},"loc":{"start":{"line":34,"column":39},"end":{"line":34,"column":null}},"line":34},"31":{"name":"(anonymous_31)","decl":{"start":{"line":34,"column":82},"end":{"line":34,"column":88}},"loc":{"start":{"line":34,"column":90},"end":{"line":34,"column":null}},"line":34},"32":{"name":"(anonymous_32)","decl":{"start":{"line":35,"column":24},"end":{"line":35,"column":35}},"loc":{"start":{"line":35,"column":35},"end":{"line":35,"column":null}},"line":35},"33":{"name":"(anonymous_33)","decl":{"start":{"line":35,"column":74},"end":{"line":35,"column":80}},"loc":{"start":{"line":35,"column":82},"end":{"line":35,"column":null}},"line":35},"34":{"name":"(anonymous_34)","decl":{"start":{"line":38,"column":26},"end":{"line":38,"column":37}},"loc":{"start":{"line":38,"column":37},"end":{"line":38,"column":null}},"line":38},"35":{"name":"(anonymous_35)","decl":{"start":{"line":38,"column":78},"end":{"line":38,"column":84}},"loc":{"start":{"line":38,"column":86},"end":{"line":38,"column":null}},"line":38},"36":{"name":"(anonymous_36)","decl":{"start":{"line":39,"column":27},"end":{"line":39,"column":38}},"loc":{"start":{"line":39,"column":38},"end":{"line":39,"column":null}},"line":39},"37":{"name":"(anonymous_37)","decl":{"start":{"line":39,"column":80},"end":{"line":39,"column":86}},"loc":{"start":{"line":39,"column":88},"end":{"line":39,"column":null}},"line":39},"38":{"name":"(anonymous_38)","decl":{"start":{"line":40,"column":24},"end":{"line":40,"column":35}},"loc":{"start":{"line":40,"column":35},"end":{"line":40,"column":null}},"line":40},"39":{"name":"(anonymous_39)","decl":{"start":{"line":40,"column":74},"end":{"line":40,"column":80}},"loc":{"start":{"line":40,"column":82},"end":{"line":40,"column":null}},"line":40},"40":{"name":"(anonymous_40)","decl":{"start":{"line":41,"column":21},"end":{"line":41,"column":32}},"loc":{"start":{"line":41,"column":32},"end":{"line":41,"column":null}},"line":41},"41":{"name":"(anonymous_41)","decl":{"start":{"line":41,"column":68},"end":{"line":41,"column":74}},"loc":{"start":{"line":41,"column":76},"end":{"line":41,"column":null}},"line":41},"42":{"name":"(anonymous_42)","decl":{"start":{"line":42,"column":22},"end":{"line":42,"column":33}},"loc":{"start":{"line":42,"column":33},"end":{"line":42,"column":null}},"line":42},"43":{"name":"(anonymous_43)","decl":{"start":{"line":42,"column":70},"end":{"line":42,"column":76}},"loc":{"start":{"line":42,"column":78},"end":{"line":42,"column":null}},"line":42},"44":{"name":"(anonymous_44)","decl":{"start":{"line":43,"column":21},"end":{"line":43,"column":32}},"loc":{"start":{"line":43,"column":32},"end":{"line":43,"column":null}},"line":43},"45":{"name":"(anonymous_45)","decl":{"start":{"line":43,"column":68},"end":{"line":43,"column":74}},"loc":{"start":{"line":43,"column":76},"end":{"line":43,"column":null}},"line":43},"46":{"name":"(anonymous_46)","decl":{"start":{"line":44,"column":20},"end":{"line":44,"column":31}},"loc":{"start":{"line":44,"column":31},"end":{"line":44,"column":null}},"line":44},"47":{"name":"(anonymous_47)","decl":{"start":{"line":44,"column":66},"end":{"line":44,"column":72}},"loc":{"start":{"line":44,"column":74},"end":{"line":44,"column":null}},"line":44},"48":{"name":"PageLoader","decl":{"start":{"line":46,"column":9},"end":{"line":46,"column":22}},"loc":{"start":{"line":46,"column":22},"end":{"line":53,"column":null}},"line":46},"49":{"name":"ProtectedRoute","decl":{"start":{"line":57,"column":16},"end":{"line":57,"column":31}},"loc":{"start":{"line":57,"column":76},"end":{"line":59,"column":null}},"line":57},"50":{"name":"LayoutWrapper","decl":{"start":{"line":62,"column":9},"end":{"line":62,"column":25}},"loc":{"start":{"line":62,"column":25},"end":{"line":66,"column":null}},"line":62},"51":{"name":"AppRoutes","decl":{"start":{"line":70,"column":16},"end":{"line":70,"column":28}},"loc":{"start":{"line":70,"column":28},"end":{"line":141,"column":null}},"line":70},"52":{"name":"App","decl":{"start":{"line":145,"column":9},"end":{"line":145,"column":15}},"loc":{"start":{"line":145,"column":15},"end":{"line":149,"column":null}},"line":145}},"branchMap":{"0":{"loc":{"start":{"line":59,"column":9},"end":{"line":59,"column":null}},"type":"cond-expr","locations":[{"start":{"line":59,"column":27},"end":{"line":59,"column":46}},{"start":{"line":59,"column":45},"end":{"line":59,"column":null}}],"line":59}},"s":{"0":1,"1":0,"2":0,"3":1,"4":0,"5":0,"6":1,"7":0,"8":0,"9":1,"10":0,"11":0,"12":1,"13":1,"14":0,"15":1,"16":0,"17":0,"18":1,"19":0,"20":0,"21":1,"22":0,"23":0,"24":1,"25":0,"26":0,"27":1,"28":0,"29":0,"30":1,"31":0,"32":0,"33":1,"34":0,"35":0,"36":1,"37":0,"38":0,"39":1,"40":0,"41":0,"42":1,"43":0,"44":0,"45":1,"46":0,"47":0,"48":1,"49":0,"50":0,"51":1,"52":0,"53":0,"54":1,"55":0,"56":0,"57":1,"58":0,"59":0,"60":1,"61":0,"62":0,"63":1,"64":0,"65":0,"66":1,"67":0,"68":0,"69":1,"70":0,"71":0,"72":1,"73":1,"74":1,"75":1,"76":1,"77":0},"f":{"0":0,"1":0,"2":0,"3":0,"4":0,"5":0,"6":0,"7":0,"8":1,"9":0,"10":0,"11":0,"12":0,"13":0,"14":0,"15":0,"16":0,"17":0,"18":0,"19":0,"20":0,"21":0,"22":0,"23":0,"24":0,"25":0,"26":0,"27":0,"28":0,"29":0,"30":0,"31":0,"32":0,"33":0,"34":0,"35":0,"36":0,"37":0,"38":0,"39":0,"40":0,"41":0,"42":0,"43":0,"44":0,"45":0,"46":0,"47":0,"48":1,"49":1,"50":1,"51":1,"52":0},"b":{"0":[1,0]},"meta":{"lastBranch":1,"lastFunction":53,"lastStatement":78,"seen":{"s:11:6:11:Infinity":0,"f:11:20:11:31":0,"s:11:31:11:Infinity":1,"f:11:66:11:72":1,"s:11:74:11:Infinity":2,"s:12:6:12:Infinity":3,"f:12:26:12:37":2,"s:12:37:12:Infinity":4,"f:12:78:12:84":3,"s:12:86:12:Infinity":5,"s:13:6:13:Infinity":6,"f:13:25:13:36":4,"s:13:36:13:Infinity":7,"f:13:76:13:82":5,"s:13:84:13:Infinity":8,"s:14:6:14:Infinity":9,"f:14:24:14:35":6,"s:14:35:14:Infinity":10,"f:14:74:14:80":7,"s:14:82:14:Infinity":11,"s:15:6:15:Infinity":12,"f:15:23:15:34":8,"s:15:34:15:Infinity":13,"f:15:72:15:78":9,"s:15:80:15:Infinity":14,"s:18:6:18:Infinity":15,"f:18:23:18:34":10,"s:18:34:18:Infinity":16,"f:18:72:18:78":11,"s:18:80:18:Infinity":17,"s:19:6:19:Infinity":18,"f:19:32:19:43":12,"s:19:43:19:Infinity":19,"f:19:90:19:96":13,"s:19:98:19:Infinity":20,"s:20:6:20:Infinity":21,"f:20:32:20:43":14,"s:20:43:20:Infinity":22,"f:20:90:20:96":15,"s:20:98:20:Infinity":23,"s:21:6:21:Infinity":24,"f:21:22:21:33":16,"s:21:33:21:Infinity":25,"f:21:70:21:76":17,"s:21:78:21:Infinity":26,"s:24:6:24:Infinity":27,"f:24:24:24:35":18,"s:24:35:24:Infinity":28,"f:24:74:24:80":19,"s:24:82:24:Infinity":29,"s:25:6:25:Infinity":30,"f:25:31:25:42":20,"s:25:42:25:Infinity":31,"f:25:88:25:94":21,"s:25:96:25:Infinity":32,"s:26:6:26:Infinity":33,"f:26:24:26:35":22,"s:26:35:26:Infinity":34,"f:26:74:26:80":23,"s:26:82:26:Infinity":35,"s:29:6:29:Infinity":36,"f:29:21:29:32":24,"s:29:32:29:Infinity":37,"f:29:68:29:74":25,"s:29:76:29:Infinity":38,"s:30:6:30:Infinity":39,"f:30:27:30:38":26,"s:30:38:30:Infinity":40,"f:30:80:30:86":27,"s:30:88:30:Infinity":41,"s:31:6:31:Infinity":42,"f:31:23:31:34":28,"s:31:34:31:Infinity":43,"f:31:72:31:78":29,"s:31:80:31:Infinity":44,"s:34:6:34:Infinity":45,"f:34:28:34:39":30,"s:34:39:34:Infinity":46,"f:34:82:34:88":31,"s:34:90:34:Infinity":47,"s:35:6:35:Infinity":48,"f:35:24:35:35":32,"s:35:35:35:Infinity":49,"f:35:74:35:80":33,"s:35:82:35:Infinity":50,"s:38:6:38:Infinity":51,"f:38:26:38:37":34,"s:38:37:38:Infinity":52,"f:38:78:38:84":35,"s:38:86:38:Infinity":53,"s:39:6:39:Infinity":54,"f:39:27:39:38":36,"s:39:38:39:Infinity":55,"f:39:80:39:86":37,"s:39:88:39:Infinity":56,"s:40:6:40:Infinity":57,"f:40:24:40:35":38,"s:40:35:40:Infinity":58,"f:40:74:40:80":39,"s:40:82:40:Infinity":59,"s:41:6:41:Infinity":60,"f:41:21:41:32":40,"s:41:32:41:Infinity":61,"f:41:68:41:74":41,"s:41:76:41:Infinity":62,"s:42:6:42:Infinity":63,"f:42:22:42:33":42,"s:42:33:42:Infinity":64,"f:42:70:42:76":43,"s:42:78:42:Infinity":65,"s:43:6:43:Infinity":66,"f:43:21:43:32":44,"s:43:32:43:Infinity":67,"f:43:68:43:74":45,"s:43:76:43:Infinity":68,"s:44:6:44:Infinity":69,"f:44:20:44:31":46,"s:44:31:44:Infinity":70,"f:44:66:44:72":47,"s:44:74:44:Infinity":71,"f:46:9:46:22":48,"s:47:2:53:Infinity":72,"f:57:16:57:31":49,"s:58:10:58:44":73,"s:59:2:59:Infinity":74,"b:59:27:59:46:59:45:59:Infinity":0,"f:62:9:62:25":50,"s:63:2:66:Infinity":75,"f:70:16:70:28":51,"s:71:2:141:Infinity":76,"f:145:9:145:15":52,"s:146:2:149:Infinity":77}}}
,"D:\\project\\contxt\\EcoDreamOmni\\apps\\frontend\\src\\components\\AccountHealth.tsx": {"path":"D:\\project\\contxt\\EcoDreamOmni\\apps\\frontend\\src\\components\\AccountHealth.tsx","statementMap":{"0":{"start":{"line":7,"column":2},"end":{"line":7,"column":null}},"1":{"start":{"line":7,"column":19},"end":{"line":7,"column":null}},"2":{"start":{"line":8,"column":2},"end":{"line":8,"column":null}},"3":{"start":{"line":8,"column":19},"end":{"line":8,"column":null}},"4":{"start":{"line":9,"column":2},"end":{"line":9,"column":null}},"5":{"start":{"line":9,"column":19},"end":{"line":9,"column":null}},"6":{"start":{"line":10,"column":2},"end":{"line":10,"column":null}},"7":{"start":{"line":14,"column":2},"end":{"line":14,"column":null}},"8":{"start":{"line":14,"column":19},"end":{"line":14,"column":null}},"9":{"start":{"line":15,"column":2},"end":{"line":15,"column":null}},"10":{"start":{"line":15,"column":19},"end":{"line":15,"column":null}},"11":{"start":{"line":16,"column":2},"end":{"line":16,"column":null}},"12":{"start":{"line":16,"column":19},"end":{"line":16,"column":null}},"13":{"start":{"line":17,"column":2},"end":{"line":17,"column":null}},"14":{"start":{"line":21,"column":23},"end":{"line":21,"column":63}},"15":{"start":{"line":23,"column":2},"end":{"line":25,"column":null}},"16":{"start":{"line":24,"column":4},"end":{"line":24,"column":null}},"17":{"start":{"line":27,"column":2},"end":{"line":64,"column":null}},"18":{"start":{"line":45,"column":12},"end":{"line":60,"column":null}}},"fnMap":{"0":{"name":"healthColor","decl":{"start":{"line":6,"column":9},"end":{"line":6,"column":21}},"loc":{"start":{"line":6,"column":44},"end":{"line":10,"column":null}},"line":6},"1":{"name":"healthTextColor","decl":{"start":{"line":13,"column":9},"end":{"line":13,"column":25}},"loc":{"start":{"line":13,"column":48},"end":{"line":17,"column":null}},"line":13},"2":{"name":"AccountHealth","decl":{"start":{"line":20,"column":16},"end":{"line":20,"column":32}},"loc":{"start":{"line":20,"column":32},"end":{"line":64,"column":null}},"line":20},"3":{"name":"(anonymous_3)","decl":{"start":{"line":23,"column":2},"end":{"line":23,"column":18}},"loc":{"start":{"line":23,"column":18},"end":{"line":25,"column":6}},"line":23},"4":{"name":"(anonymous_4)","decl":{"start":{"line":44,"column":23},"end":{"line":44,"column":28}},"loc":{"start":{"line":45,"column":12},"end":{"line":60,"column":null}},"line":45}},"branchMap":{"0":{"loc":{"start":{"line":7,"column":2},"end":{"line":7,"column":null}},"type":"if","locations":[{"start":{"line":7,"column":2},"end":{"line":7,"column":null}},{"start":{},"end":{}}],"line":7},"1":{"loc":{"start":{"line":8,"column":2},"end":{"line":8,"column":null}},"type":"if","locations":[{"start":{"line":8,"column":2},"end":{"line":8,"column":null}},{"start":{},"end":{}}],"line":8},"2":{"loc":{"start":{"line":9,"column":2},"end":{"line":9,"column":null}},"type":"if","locations":[{"start":{"line":9,"column":2},"end":{"line":9,"column":null}},{"start":{},"end":{}}],"line":9},"3":{"loc":{"start":{"line":14,"column":2},"end":{"line":14,"column":null}},"type":"if","locations":[{"start":{"line":14,"column":2},"end":{"line":14,"column":null}},{"start":{},"end":{}}],"line":14},"4":{"loc":{"start":{"line":15,"column":2},"end":{"line":15,"column":null}},"type":"if","locations":[{"start":{"line":15,"column":2},"end":{"line":15,"column":null}},{"start":{},"end":{}}],"line":15},"5":{"loc":{"start":{"line":16,"column":2},"end":{"line":16,"column":null}},"type":"if","locations":[{"start":{"line":16,"column":2},"end":{"line":16,"column":null}},{"start":{},"end":{}}],"line":16},"6":{"loc":{"start":{"line":41,"column":11},"end":{"line":44,"column":23}},"type":"binary-expr","locations":[{"start":{"line":41,"column":11},"end":{"line":41,"column":null}},{"start":{"line":42,"column":12},"end":{"line":44,"column":23}}],"line":41}},"s":{"0":12,"1":4,"2":8,"3":8,"4":4,"5":4,"6":0,"7":12,"8":4,"9":8,"10":8,"11":4,"12":4,"13":0,"14":4,"15":4,"16":4,"17":4,"18":12},"f":{"0":12,"1":12,"2":4,"3":4,"4":12},"b":{"0":[4,8],"1":[4,4],"2":[4,0],"3":[4,8],"4":[4,4],"5":[4,0],"6":[4,0]},"meta":{"lastBranch":7,"lastFunction":5,"lastStatement":19,"seen":{"f:6:9:6:21":0,"b:7:2:7:Infinity:undefined:undefined:undefined:undefined":0,"s:7:2:7:Infinity":0,"s:7:19:7:Infinity":1,"b:8:2:8:Infinity:undefined:undefined:undefined:undefined":1,"s:8:2:8:Infinity":2,"s:8:19:8:Infinity":3,"b:9:2:9:Infinity:undefined:undefined:undefined:undefined":2,"s:9:2:9:Infinity":4,"s:9:19:9:Infinity":5,"s:10:2:10:Infinity":6,"f:13:9:13:25":1,"b:14:2:14:Infinity:undefined:undefined:undefined:undefined":3,"s:14:2:14:Infinity":7,"s:14:19:14:Infinity":8,"b:15:2:15:Infinity:undefined:undefined:undefined:undefined":4,"s:15:2:15:Infinity":9,"s:15:19:15:Infinity":10,"b:16:2:16:Infinity:undefined:undefined:undefined:undefined":5,"s:16:2:16:Infinity":11,"s:16:19:16:Infinity":12,"s:17:2:17:Infinity":13,"f:20:16:20:32":2,"s:21:23:21:63":14,"s:23:2:25:Infinity":15,"f:23:2:23:18":3,"s:24:4:24:Infinity":16,"s:27:2:64:Infinity":17,"b:41:11:41:Infinity:42:12:44:23":6,"f:44:23:44:28":4,"s:45:12:60:Infinity":18}}}
,"D:\\project\\contxt\\EcoDreamOmni\\apps\\frontend\\src\\components\\AlertStreamBanner.tsx": {"path":"D:\\project\\contxt\\EcoDreamOmni\\apps\\frontend\\src\\components\\AlertStreamBanner.tsx","statementMap":{"0":{"start":{"line":6,"column":38},"end":{"line":6,"column":71}},"1":{"start":{"line":8,"column":2},"end":{"line":35,"column":null}},"2":{"start":{"line":27,"column":12},"end":{"line":33,"column":null}},"3":{"start":{"line":32,"column":31},"end":{"line":32,"column":null}}},"fnMap":{"0":{"name":"AlertStreamBanner","decl":{"start":{"line":5,"column":16},"end":{"line":5,"column":36}},"loc":{"start":{"line":5,"column":36},"end":{"line":35,"column":null}},"line":5},"1":{"name":"(anonymous_1)","decl":{"start":{"line":26,"column":18},"end":{"line":26,"column":23}},"loc":{"start":{"line":27,"column":12},"end":{"line":33,"column":null}},"line":27},"2":{"name":"(anonymous_2)","decl":{"start":{"line":32,"column":14},"end":{"line":32,"column":31}},"loc":{"start":{"line":32,"column":31},"end":{"line":32,"column":null}},"line":32}},"branchMap":{"0":{"loc":{"start":{"line":12,"column":9},"end":{"line":15,"column":null}},"type":"cond-expr","locations":[{"start":{"line":13,"column":10},"end":{"line":15,"column":11}},{"start":{"line":15,"column":10},"end":{"line":15,"column":null}}],"line":12},"1":{"loc":{"start":{"line":17,"column":36},"end":{"line":17,"column":null}},"type":"cond-expr","locations":[{"start":{"line":17,"column":50},"end":{"line":17,"column":67}},{"start":{"line":17,"column":67},"end":{"line":17,"column":null}}],"line":17},"2":{"loc":{"start":{"line":18,"column":11},"end":{"line":18,"column":null}},"type":"cond-expr","locations":[{"start":{"line":18,"column":25},"end":{"line":18,"column":37}},{"start":{"line":18,"column":37},"end":{"line":18,"column":null}}],"line":18},"3":{"loc":{"start":{"line":20,"column":9},"end":{"line":20,"column":null}},"type":"binary-expr","locations":[{"start":{"line":20,"column":9},"end":{"line":20,"column":18}},{"start":{"line":20,"column":18},"end":{"line":20,"column":null}}],"line":20},"4":{"loc":{"start":{"line":24,"column":7},"end":{"line":35,"column":null}},"type":"binary-expr","locations":[{"start":{"line":24,"column":7},"end":{"line":24,"column":null}},{"start":{"line":25,"column":8},"end":{"line":35,"column":null}}],"line":24},"5":{"loc":{"start":{"line":29,"column":23},"end":{"line":29,"column":null}},"type":"cond-expr","locations":[{"start":{"line":29,"column":53},"end":{"line":29,"column":64}},{"start":{"line":29,"column":64},"end":{"line":29,"column":null}}],"line":29}},"s":{"0":10,"1":10,"2":2,"3":1},"f":{"0":10,"1":2,"2":1},"b":{"0":[6,4],"1":[6,4],"2":[6,4],"3":[10,0],"4":[10,2],"5":[0,2]},"meta":{"lastBranch":6,"lastFunction":3,"lastStatement":4,"seen":{"f:5:16:5:36":0,"s:6:38:6:71":0,"s:8:2:35:Infinity":1,"b:13:10:15:11:15:10:15:Infinity":0,"b:17:50:17:67:17:67:17:Infinity":1,"b:18:25:18:37:18:37:18:Infinity":2,"b:20:9:20:18:20:18:20:Infinity":3,"b:24:7:24:Infinity:25:8:35:Infinity":4,"f:26:18:26:23":1,"s:27:12:33:Infinity":2,"b:29:53:29:64:29:64:29:Infinity":5,"f:32:14:32:31":2,"s:32:31:32:Infinity":3}}}
,"D:\\project\\contxt\\EcoDreamOmni\\apps\\frontend\\src\\components\\ContentLibrary.tsx": {"path":"D:\\project\\contxt\\EcoDreamOmni\\apps\\frontend\\src\\components\\ContentLibrary.tsx","statementMap":{"0":{"start":{"line":8,"column":96},"end":{"line":14,"column":null}},"1":{"start":{"line":16,"column":45},"end":{"line":22,"column":null}},"2":{"start":{"line":25,"column":8},"end":{"line":25,"column":32}},"3":{"start":{"line":26,"column":25},"end":{"line":26,"column":67}},"4":{"start":{"line":28,"column":2},"end":{"line":30,"column":null}},"5":{"start":{"line":29,"column":4},"end":{"line":29,"column":null}},"6":{"start":{"line":32,"column":2},"end":{"line":74,"column":null}},"7":{"start":{"line":40,"column":25},"end":{"line":40,"column":51}},"8":{"start":{"line":55,"column":12},"end":{"line":70,"column":null}}},"fnMap":{"0":{"name":"ContentLibrary","decl":{"start":{"line":24,"column":16},"end":{"line":24,"column":33}},"loc":{"start":{"line":24,"column":33},"end":{"line":74,"column":null}},"line":24},"1":{"name":"(anonymous_1)","decl":{"start":{"line":28,"column":2},"end":{"line":28,"column":18}},"loc":{"start":{"line":28,"column":18},"end":{"line":30,"column":6}},"line":28},"2":{"name":"(anonymous_2)","decl":{"start":{"line":40,"column":10},"end":{"line":40,"column":25}},"loc":{"start":{"line":40,"column":25},"end":{"line":40,"column":51}},"line":40},"3":{"name":"(anonymous_3)","decl":{"start":{"line":54,"column":25},"end":{"line":54,"column":30}},"loc":{"start":{"line":55,"column":12},"end":{"line":70,"column":null}},"line":55}},"branchMap":{"0":{"loc":{"start":{"line":49,"column":11},"end":{"line":54,"column":25}},"type":"binary-expr","locations":[{"start":{"line":49,"column":11},"end":{"line":49,"column":null}},{"start":{"line":50,"column":12},"end":{"line":54,"column":25}}],"line":49},"1":{"loc":{"start":{"line":61,"column":32},"end":{"line":61,"column":null}},"type":"binary-expr","locations":[{"start":{"line":61,"column":32},"end":{"line":61,"column":66}},{"start":{"line":61,"column":66},"end":{"line":61,"column":null}}],"line":61},"2":{"loc":{"start":{"line":62,"column":19},"end":{"line":62,"column":null}},"type":"binary-expr","locations":[{"start":{"line":62,"column":19},"end":{"line":62,"column":49}},{"start":{"line":62,"column":49},"end":{"line":62,"column":null}}],"line":62}},"s":{"0":1,"1":1,"2":4,"3":4,"4":4,"5":4,"6":4,"7":0,"8":8},"f":{"0":4,"1":4,"2":0,"3":8},"b":{"0":[4,0],"1":[8,0],"2":[8,0]},"meta":{"lastBranch":3,"lastFunction":4,"lastStatement":9,"seen":{"s:8:96:14:Infinity":0,"s:16:45:22:Infinity":1,"f:24:16:24:33":0,"s:25:8:25:32":2,"s:26:25:26:67":3,"s:28:2:30:Infinity":4,"f:28:2:28:18":1,"s:29:4:29:Infinity":5,"s:32:2:74:Infinity":6,"f:40:10:40:25":2,"s:40:25:40:51":7,"b:49:11:49:Infinity:50:12:54:25":0,"f:54:25:54:30":3,"s:55:12:70:Infinity":8,"b:61:32:61:66:61:66:61:Infinity":1,"b:62:19:62:49:62:49:62:Infinity":2}}}
,"D:\\project\\contxt\\EcoDreamOmni\\apps\\frontend\\src\\components\\TaskBoard.tsx": {"path":"D:\\project\\contxt\\EcoDreamOmni\\apps\\frontend\\src\\components\\TaskBoard.tsx","statementMap":{"0":{"start":{"line":7,"column":108},"end":{"line":14,"column":null}},"1":{"start":{"line":16,"column":45},"end":{"line":23,"column":null}},"2":{"start":{"line":26,"column":24},"end":{"line":26,"column":65}},"3":{"start":{"line":28,"column":2},"end":{"line":30,"column":null}},"4":{"start":{"line":29,"column":4},"end":{"line":29,"column":null}},"5":{"start":{"line":32,"column":2},"end":{"line":73,"column":null}},"6":{"start":{"line":44,"column":12},"end":{"line":69,"column":null}}},"fnMap":{"0":{"name":"TaskBoard","decl":{"start":{"line":25,"column":16},"end":{"line":25,"column":28}},"loc":{"start":{"line":25,"column":28},"end":{"line":73,"column":null}},"line":25},"1":{"name":"(anonymous_1)","decl":{"start":{"line":28,"column":2},"end":{"line":28,"column":18}},"loc":{"start":{"line":28,"column":18},"end":{"line":30,"column":6}},"line":28},"2":{"name":"(anonymous_2)","decl":{"start":{"line":43,"column":24},"end":{"line":43,"column":29}},"loc":{"start":{"line":44,"column":12},"end":{"line":69,"column":null}},"line":44}},"branchMap":{"0":{"loc":{"start":{"line":40,"column":11},"end":{"line":43,"column":24}},"type":"binary-expr","locations":[{"start":{"line":40,"column":11},"end":{"line":40,"column":null}},{"start":{"line":41,"column":12},"end":{"line":43,"column":24}}],"line":40},"1":{"loc":{"start":{"line":47,"column":30},"end":{"line":47,"column":null}},"type":"binary-expr","locations":[{"start":{"line":47,"column":30},"end":{"line":47,"column":63}},{"start":{"line":47,"column":63},"end":{"line":47,"column":null}}],"line":47},"2":{"loc":{"start":{"line":48,"column":17},"end":{"line":48,"column":null}},"type":"binary-expr","locations":[{"start":{"line":48,"column":17},"end":{"line":48,"column":46}},{"start":{"line":48,"column":46},"end":{"line":48,"column":null}}],"line":48},"3":{"loc":{"start":{"line":50,"column":15},"end":{"line":53,"column":null}},"type":"binary-expr","locations":[{"start":{"line":50,"column":15},"end":{"line":50,"column":null}},{"start":{"line":51,"column":16},"end":{"line":53,"column":null}}],"line":50},"4":{"loc":{"start":{"line":55,"column":15},"end":{"line":62,"column":null}},"type":"binary-expr","locations":[{"start":{"line":55,"column":15},"end":{"line":55,"column":46}},{"start":{"line":55,"column":46},"end":{"line":55,"column":null}},{"start":{"line":56,"column":16},"end":{"line":62,"column":null}}],"line":55},"5":{"loc":{"start":{"line":66,"column":15},"end":{"line":67,"column":null}},"type":"binary-expr","locations":[{"start":{"line":66,"column":15},"end":{"line":66,"column":43}},{"start":{"line":66,"column":43},"end":{"line":66,"column":null}},{"start":{"line":67,"column":16},"end":{"line":67,"column":null}}],"line":66}},"s":{"0":1,"1":1,"2":4,"3":4,"4":4,"5":4,"6":16},"f":{"0":4,"1":4,"2":16},"b":{"0":[4,0],"1":[16,0],"2":[16,0],"3":[16,4],"4":[16,4,4],"5":[16,4,4]},"meta":{"lastBranch":6,"lastFunction":3,"lastStatement":7,"seen":{"s:7:108:14:Infinity":0,"s:16:45:23:Infinity":1,"f:25:16:25:28":0,"s:26:24:26:65":2,"s:28:2:30:Infinity":3,"f:28:2:28:18":1,"s:29:4:29:Infinity":4,"s:32:2:73:Infinity":5,"b:40:11:40:Infinity:41:12:43:24":0,"f:43:24:43:29":2,"s:44:12:69:Infinity":6,"b:47:30:47:63:47:63:47:Infinity":1,"b:48:17:48:46:48:46:48:Infinity":2,"b:50:15:50:Infinity:51:16:53:Infinity":3,"b:55:15:55:46:55:46:55:Infinity:56:16:62:Infinity":4,"b:66:15:66:43:66:43:66:Infinity:67:16:67:Infinity":5}}}
,"D:\\project\\contxt\\EcoDreamOmni\\apps\\frontend\\src\\components\\agent-flow\\AgentFlowBar.tsx": {"path":"D:\\project\\contxt\\EcoDreamOmni\\apps\\frontend\\src\\components\\agent-flow\\AgentFlowBar.tsx","statementMap":{"0":{"start":{"line":21,"column":4},"end":{"line":27,"column":null}},"1":{"start":{"line":30,"column":34},"end":{"line":30,"column":70}},"2":{"start":{"line":31,"column":8},"end":{"line":31,"column":46}},"3":{"start":{"line":32,"column":8},"end":{"line":32,"column":73}},"4":{"start":{"line":35,"column":2},"end":{"line":82,"column":null}},"5":{"start":{"line":36,"column":4},"end":{"line":36,"column":null}},"6":{"start":{"line":36,"column":22},"end":{"line":36,"column":null}},"7":{"start":{"line":38,"column":18},"end":{"line":38,"column":47}},"8":{"start":{"line":39,"column":4},"end":{"line":39,"column":null}},"9":{"start":{"line":39,"column":16},"end":{"line":39,"column":null}},"10":{"start":{"line":41,"column":10},"end":{"line":72,"column":null}},"11":{"start":{"line":42,"column":6},"end":{"line":72,"column":null}},"12":{"start":{"line":43,"column":19},"end":{"line":43,"column":97}},"13":{"start":{"line":44,"column":8},"end":{"line":44,"column":null}},"14":{"start":{"line":46,"column":8},"end":{"line":47,"column":null}},"15":{"start":{"line":47,"column":10},"end":{"line":47,"column":null}},"16":{"start":{"line":50,"column":8},"end":{"line":58,"column":null}},"17":{"start":{"line":51,"column":10},"end":{"line":58,"column":null}},"18":{"start":{"line":52,"column":25},"end":{"line":52,"column":47}},"19":{"start":{"line":53,"column":12},"end":{"line":56,"column":null}},"20":{"start":{"line":54,"column":14},"end":{"line":54,"column":null}},"21":{"start":{"line":55,"column":19},"end":{"line":56,"column":null}},"22":{"start":{"line":56,"column":14},"end":{"line":56,"column":null}},"23":{"start":{"line":63,"column":8},"end":{"line":65,"column":null}},"24":{"start":{"line":64,"column":10},"end":{"line":64,"column":null}},"25":{"start":{"line":65,"column":10},"end":{"line":65,"column":null}},"26":{"start":{"line":68,"column":8},"end":{"line":69,"column":null}},"27":{"start":{"line":69,"column":10},"end":{"line":69,"column":null}},"28":{"start":{"line":72,"column":8},"end":{"line":72,"column":null}},"29":{"start":{"line":76,"column":4},"end":{"line":76,"column":null}},"30":{"start":{"line":78,"column":4},"end":{"line":80,"column":null}},"31":{"start":{"line":79,"column":6},"end":{"line":79,"column":null}},"32":{"start":{"line":79,"column":32},"end":{"line":79,"column":null}},"33":{"start":{"line":80,"column":6},"end":{"line":80,"column":null}},"34":{"start":{"line":80,"column":25},"end":{"line":80,"column":null}},"35":{"start":{"line":84,"column":2},"end":{"line":87,"column":null}},"36":{"start":{"line":85,"column":4},"end":{"line":87,"column":null}},"37":{"start":{"line":93,"column":25},"end":{"line":93,"column":null}},"38":{"start":{"line":93,"column":55},"end":{"line":93,"column":78}},"39":{"start":{"line":94,"column":21},"end":{"line":94,"column":null}},"40":{"start":{"line":95,"column":19},"end":{"line":95,"column":null}},"41":{"start":{"line":97,"column":2},"end":{"line":138,"column":null}},"42":{"start":{"line":118,"column":26},"end":{"line":118,"column":null}},"43":{"start":{"line":119,"column":27},"end":{"line":119,"column":null}},"44":{"start":{"line":120,"column":14},"end":{"line":127,"column":null}},"45":{"start":{"line":144,"column":34},"end":{"line":144,"column":55}},"46":{"start":{"line":146,"column":2},"end":{"line":152,"column":null}},"47":{"start":{"line":147,"column":4},"end":{"line":152,"column":null}},"48":{"start":{"line":149,"column":23},"end":{"line":149,"column":40}},"49":{"start":{"line":158,"column":2},"end":{"line":184,"column":null}},"50":{"start":{"line":161,"column":23},"end":{"line":161,"column":41}},"51":{"start":{"line":169,"column":20},"end":{"line":169,"column":null}},"52":{"start":{"line":170,"column":21},"end":{"line":170,"column":null}},"53":{"start":{"line":171,"column":8},"end":{"line":182,"column":null}}},"fnMap":{"0":{"name":"AgentFlowBar","decl":{"start":{"line":29,"column":16},"end":{"line":29,"column":29}},"loc":{"start":{"line":29,"column":65},"end":{"line":138,"column":null}},"line":29},"1":{"name":"(anonymous_1)","decl":{"start":{"line":35,"column":2},"end":{"line":35,"column":18}},"loc":{"start":{"line":35,"column":18},"end":{"line":82,"column":6}},"line":35},"2":{"name":"(anonymous_2)","decl":{"start":{"line":41,"column":10},"end":{"line":41,"column":26}},"loc":{"start":{"line":41,"column":26},"end":{"line":72,"column":null}},"line":41},"3":{"name":"(anonymous_3)","decl":{"start":{"line":46,"column":11},"end":{"line":46,"column":26}},"loc":{"start":{"line":46,"column":26},"end":{"line":47,"column":null}},"line":46},"4":{"name":"(anonymous_4)","decl":{"start":{"line":50,"column":11},"end":{"line":50,"column":24}},"loc":{"start":{"line":50,"column":34},"end":{"line":58,"column":null}},"line":50},"5":{"name":"(anonymous_5)","decl":{"start":{"line":63,"column":11},"end":{"line":63,"column":27}},"loc":{"start":{"line":63,"column":27},"end":{"line":65,"column":null}},"line":63},"6":{"name":"(anonymous_6)","decl":{"start":{"line":68,"column":11},"end":{"line":68,"column":27}},"loc":{"start":{"line":68,"column":27},"end":{"line":69,"column":null}},"line":68},"7":{"name":"(anonymous_7)","decl":{"start":{"line":78,"column":4},"end":{"line":78,"column":17}},"loc":{"start":{"line":78,"column":17},"end":{"line":80,"column":null}},"line":78},"8":{"name":"(anonymous_8)","decl":{"start":{"line":93,"column":41},"end":{"line":93,"column":49}},"loc":{"start":{"line":93,"column":55},"end":{"line":93,"column":78}},"line":93},"9":{"name":"(anonymous_9)","decl":{"start":{"line":117,"column":41},"end":{"line":117,"column":46}},"loc":{"start":{"line":117,"column":55},"end":{"line":129,"column":null}},"line":117},"10":{"name":"AgentFlowDetails","decl":{"start":{"line":143,"column":9},"end":{"line":143,"column":26}},"loc":{"start":{"line":143,"column":76},"end":{"line":184,"column":null}},"line":143},"11":{"name":"(anonymous_11)","decl":{"start":{"line":149,"column":8},"end":{"line":149,"column":23}},"loc":{"start":{"line":149,"column":23},"end":{"line":149,"column":40}},"line":149},"12":{"name":"(anonymous_12)","decl":{"start":{"line":161,"column":8},"end":{"line":161,"column":23}},"loc":{"start":{"line":161,"column":23},"end":{"line":161,"column":41}},"line":161},"13":{"name":"(anonymous_13)","decl":{"start":{"line":168,"column":23},"end":{"line":168,"column":28}},"loc":{"start":{"line":168,"column":44},"end":{"line":184,"column":null}},"line":168}},"branchMap":{"0":{"loc":{"start":{"line":36,"column":4},"end":{"line":36,"column":null}},"type":"if","locations":[{"start":{"line":36,"column":4},"end":{"line":36,"column":null}},{"start":{},"end":{}}],"line":36},"1":{"loc":{"start":{"line":39,"column":4},"end":{"line":39,"column":null}},"type":"if","locations":[{"start":{"line":39,"column":4},"end":{"line":39,"column":null}},{"start":{},"end":{}}],"line":39},"2":{"loc":{"start":{"line":53,"column":12},"end":{"line":56,"column":null}},"type":"if","locations":[{"start":{"line":53,"column":12},"end":{"line":56,"column":null}},{"start":{"line":55,"column":19},"end":{"line":56,"column":null}}],"line":53},"3":{"loc":{"start":{"line":55,"column":19},"end":{"line":56,"column":null}},"type":"if","locations":[{"start":{"line":55,"column":19},"end":{"line":56,"column":null}},{"start":{},"end":{}}],"line":55},"4":{"loc":{"start":{"line":79,"column":6},"end":{"line":79,"column":null}},"type":"if","locations":[{"start":{"line":79,"column":6},"end":{"line":79,"column":null}},{"start":{},"end":{}}],"line":79},"5":{"loc":{"start":{"line":80,"column":6},"end":{"line":80,"column":null}},"type":"if","locations":[{"start":{"line":80,"column":6},"end":{"line":80,"column":null}},{"start":{},"end":{}}],"line":80},"6":{"loc":{"start":{"line":84,"column":2},"end":{"line":87,"column":null}},"type":"if","locations":[{"start":{"line":84,"column":2},"end":{"line":87,"column":null}},{"start":{},"end":{}}],"line":84},"7":{"loc":{"start":{"line":95,"column":19},"end":{"line":95,"column":null}},"type":"cond-expr","locations":[{"start":{"line":95,"column":36},"end":{"line":95,"column":83}},{"start":{"line":95,"column":86},"end":{"line":95,"column":null}}],"line":95},"8":{"loc":{"start":{"line":103,"column":48},"end":{"line":103,"column":108}},"type":"cond-expr","locations":[{"start":{"line":103,"column":62},"end":{"line":103,"column":79}},{"start":{"line":103,"column":79},"end":{"line":103,"column":108}}],"line":103},"9":{"loc":{"start":{"line":126,"column":19},"end":{"line":126,"column":null}},"type":"binary-expr","locations":[{"start":{"line":126,"column":19},"end":{"line":126,"column":48}},{"start":{"line":126,"column":48},"end":{"line":126,"column":null}}],"line":126},"10":{"loc":{"start":{"line":130,"column":13},"end":{"line":131,"column":null}},"type":"binary-expr","locations":[{"start":{"line":130,"column":13},"end":{"line":130,"column":null}},{"start":{"line":131,"column":14},"end":{"line":131,"column":null}}],"line":130},"11":{"loc":{"start":{"line":146,"column":2},"end":{"line":152,"column":null}},"type":"if","locations":[{"start":{"line":146,"column":2},"end":{"line":152,"column":null}},{"start":{},"end":{}}],"line":146},"12":{"loc":{"start":{"line":175,"column":55},"end":{"line":175,"column":108}},"type":"cond-expr","locations":[{"start":{"line":175,"column":83},"end":{"line":175,"column":100}},{"start":{"line":175,"column":100},"end":{"line":175,"column":108}}],"line":175},"13":{"loc":{"start":{"line":179,"column":13},"end":{"line":180,"column":null}},"type":"binary-expr","locations":[{"start":{"line":179,"column":13},"end":{"line":179,"column":null}},{"start":{"line":180,"column":14},"end":{"line":180,"column":null}}],"line":179}},"s":{"0":1,"1":3,"2":3,"3":3,"4":3,"5":3,"6":3,"7":0,"8":0,"9":0,"10":0,"11":0,"12":0,"13":0,"14":0,"15":0,"16":0,"17":0,"18":0,"19":0,"20":0,"21":0,"22":0,"23":0,"24":0,"25":0,"26":0,"27":0,"28":0,"29":0,"30":0,"31":0,"32":0,"33":0,"34":0,"35":3,"36":1,"37":2,"38":5,"39":2,"40":2,"41":3,"42":5,"43":5,"44":5,"45":4,"46":4,"47":3,"48":1,"49":1,"50":1,"51":2,"52":2,"53":2},"f":{"0":3,"1":3,"2":0,"3":0,"4":0,"5":0,"6":0,"7":0,"8":5,"9":5,"10":4,"11":1,"12":1,"13":2},"b":{"0":[3,0],"1":[0,0],"2":[0,0],"3":[0,0],"4":[0,0],"5":[0,0],"6":[1,2],"7":[2,0],"8":[0,2],"9":[5,2],"10":[3,0],"11":[3,1],"12":[1,1],"13":[2,0]},"meta":{"lastBranch":14,"lastFunction":14,"lastStatement":54,"seen":{"s:21:4:27:Infinity":0,"f:29:16:29:29":0,"s:30:34:30:70":1,"s:31:8:31:46":2,"s:32:8:32:73":3,"s:35:2:82:Infinity":4,"f:35:2:35:18":1,"b:36:4:36:Infinity:undefined:undefined:undefined:undefined":0,"s:36:4:36:Infinity":5,"s:36:22:36:Infinity":6,"s:38:18:38:47":7,"b:39:4:39:Infinity:undefined:undefined:undefined:undefined":1,"s:39:4:39:Infinity":8,"s:39:16:39:Infinity":9,"s:41:10:72:Infinity":10,"f:41:10:41:26":2,"s:42:6:72:Infinity":11,"s:43:19:43:97":12,"s:44:8:44:Infinity":13,"s:46:8:47:Infinity":14,"f:46:11:46:26":3,"s:47:10:47:Infinity":15,"s:50:8:58:Infinity":16,"f:50:11:50:24":4,"s:51:10:58:Infinity":17,"s:52:25:52:47":18,"b:53:12:56:Infinity:55:19:56:Infinity":2,"s:53:12:56:Infinity":19,"s:54:14:54:Infinity":20,"b:55:19:56:Infinity:undefined:undefined:undefined:undefined":3,"s:55:19:56:Infinity":21,"s:56:14:56:Infinity":22,"s:63:8:65:Infinity":23,"f:63:11:63:27":5,"s:64:10:64:Infinity":24,"s:65:10:65:Infinity":25,"s:68:8:69:Infinity":26,"f:68:11:68:27":6,"s:69:10:69:Infinity":27,"s:72:8:72:Infinity":28,"s:76:4:76:Infinity":29,"s:78:4:80:Infinity":30,"f:78:4:78:17":7,"b:79:6:79:Infinity:undefined:undefined:undefined:undefined":4,"s:79:6:79:Infinity":31,"s:79:32:79:Infinity":32,"b:80:6:80:Infinity:undefined:undefined:undefined:undefined":5,"s:80:6:80:Infinity":33,"s:80:25:80:Infinity":34,"b:84:2:87:Infinity:undefined:undefined:undefined:undefined":6,"s:84:2:87:Infinity":35,"s:85:4:87:Infinity":36,"s:93:25:93:Infinity":37,"f:93:41:93:49":8,"s:93:55:93:78":38,"s:94:21:94:Infinity":39,"s:95:19:95:Infinity":40,"b:95:36:95:83:95:86:95:Infinity":7,"s:97:2:138:Infinity":41,"b:103:62:103:79:103:79:103:108":8,"f:117:41:117:46":9,"s:118:26:118:Infinity":42,"s:119:27:119:Infinity":43,"s:120:14:127:Infinity":44,"b:126:19:126:48:126:48:126:Infinity":9,"b:130:13:130:Infinity:131:14:131:Infinity":10,"f:143:9:143:26":10,"s:144:34:144:55":45,"b:146:2:152:Infinity:undefined:undefined:undefined:undefined":11,"s:146:2:152:Infinity":46,"s:147:4:152:Infinity":47,"f:149:8:149:23":11,"s:149:23:149:40":48,"s:158:2:184:Infinity":49,"f:161:8:161:23":12,"s:161:23:161:41":50,"f:168:23:168:28":13,"s:169:20:169:Infinity":51,"s:170:21:170:Infinity":52,"s:171:8:182:Infinity":53,"b:175:83:175:100:175:100:175:108":12,"b:179:13:179:Infinity:180:14:180:Infinity":13}}}
,"D:\\project\\contxt\\EcoDreamOmni\\apps\\frontend\\src\\components\\ai-copilot\\AICopilotPanel.tsx": {"path":"D:\\project\\contxt\\EcoDreamOmni\\apps\\frontend\\src\\components\\ai-copilot\\AICopilotPanel.tsx","statementMap":{"0":{"start":{"line":12,"column":82},"end":{"line":13,"column":23}},"1":{"start":{"line":20,"column":4},"end":{"line":21,"column":20}},"2":{"start":{"line":24,"column":8},"end":{"line":63,"column":null}},"3":{"start":{"line":26,"column":6},"end":{"line":26,"column":null}},"4":{"start":{"line":27,"column":6},"end":{"line":27,"column":null}},"5":{"start":{"line":29,"column":22},"end":{"line":34,"column":null}},"6":{"start":{"line":35,"column":6},"end":{"line":35,"column":null}},"7":{"start":{"line":38,"column":26},"end":{"line":38,"column":null}},"8":{"start":{"line":39,"column":6},"end":{"line":44,"column":null}},"9":{"start":{"line":46,"column":6},"end":{"line":60,"column":null}},"10":{"start":{"line":47,"column":8},"end":{"line":47,"column":null}},"11":{"start":{"line":49,"column":25},"end":{"line":49,"column":null}},"12":{"start":{"line":50,"column":8},"end":{"line":55,"column":null}},"13":{"start":{"line":51,"column":10},"end":{"line":55,"column":null}},"14":{"start":{"line":51,"column":45},"end":{"line":55,"column":13}},"15":{"start":{"line":57,"column":8},"end":{"line":57,"column":null}},"16":{"start":{"line":59,"column":8},"end":{"line":59,"column":null}},"17":{"start":{"line":60,"column":8},"end":{"line":60,"column":null}},"18":{"start":{"line":66,"column":26},"end":{"line":66,"column":null}},"19":{"start":{"line":68,"column":2},"end":{"line":76,"column":null}},"20":{"start":{"line":69,"column":4},"end":{"line":76,"column":null}},"21":{"start":{"line":80,"column":2},"end":{"line":113,"column":null}}},"fnMap":{"0":{"name":"AICopilotPanel","decl":{"start":{"line":11,"column":16},"end":{"line":11,"column":33}},"loc":{"start":{"line":11,"column":33},"end":{"line":113,"column":null}},"line":11},"1":{"name":"(anonymous_1)","decl":{"start":{"line":25,"column":4},"end":{"line":25,"column":11}},"loc":{"start":{"line":25,"column":31},"end":{"line":63,"column":5}},"line":25},"2":{"name":"(anonymous_2)","decl":{"start":{"line":51,"column":24},"end":{"line":51,"column":38}},"loc":{"start":{"line":51,"column":45},"end":{"line":55,"column":13}},"line":51}},"branchMap":{"0":{"loc":{"start":{"line":50,"column":8},"end":{"line":55,"column":null}},"type":"if","locations":[{"start":{"line":50,"column":8},"end":{"line":55,"column":null}},{"start":{},"end":{}}],"line":50},"1":{"loc":{"start":{"line":50,"column":12},"end":{"line":50,"column":55}},"type":"binary-expr","locations":[{"start":{"line":50,"column":12},"end":{"line":50,"column":24}},{"start":{"line":50,"column":24},"end":{"line":50,"column":55}}],"line":50},"2":{"loc":{"start":{"line":59,"column":17},"end":{"line":59,"column":39}},"type":"binary-expr","locations":[{"start":{"line":59,"column":17},"end":{"line":59,"column":32}},{"start":{"line":59,"column":32},"end":{"line":59,"column":39}}],"line":59},"3":{"loc":{"start":{"line":66,"column":26},"end":{"line":66,"column":null}},"type":"cond-expr","locations":[{"start":{"line":66,"column":51},"end":{"line":66,"column":66}},{"start":{"line":66,"column":66},"end":{"line":66,"column":null}}],"line":66},"4":{"loc":{"start":{"line":68,"column":2},"end":{"line":76,"column":null}},"type":"if","locations":[{"start":{"line":68,"column":2},"end":{"line":76,"column":null}},{"start":{},"end":{}}],"line":68}},"s":{"0":4,"1":4,"2":4,"3":0,"4":0,"5":0,"6":0,"7":0,"8":0,"9":0,"10":0,"11":0,"12":0,"13":0,"14":0,"15":0,"16":0,"17":0,"18":4,"19":4,"20":1,"21":3},"f":{"0":4,"1":0,"2":0},"b":{"0":[0,0],"1":[0,0],"2":[0,0],"3":[4,0],"4":[1,3]},"meta":{"lastBranch":5,"lastFunction":3,"lastStatement":22,"seen":{"f:11:16:11:33":0,"s:12:82:13:23":0,"s:20:4:21:20":1,"s:24:8:63:Infinity":2,"f:25:4:25:11":1,"s:26:6:26:Infinity":3,"s:27:6:27:Infinity":4,"s:29:22:34:Infinity":5,"s:35:6:35:Infinity":6,"s:38:26:38:Infinity":7,"s:39:6:44:Infinity":8,"s:46:6:60:Infinity":9,"s:47:8:47:Infinity":10,"s:49:25:49:Infinity":11,"b:50:8:55:Infinity:undefined:undefined:undefined:undefined":0,"s:50:8:55:Infinity":12,"b:50:12:50:24:50:24:50:55":1,"s:51:10:55:Infinity":13,"f:51:24:51:38":2,"s:51:45:55:13":14,"s:57:8:57:Infinity":15,"s:59:8:59:Infinity":16,"b:59:17:59:32:59:32:59:39":2,"s:60:8:60:Infinity":17,"s:66:26:66:Infinity":18,"b:66:51:66:66:66:66:66:Infinity":3,"b:68:2:76:Infinity:undefined:undefined:undefined:undefined":4,"s:68:2:76:Infinity":19,"s:69:4:76:Infinity":20,"s:80:2:113:Infinity":21}}}
,"D:\\project\\contxt\\EcoDreamOmni\\apps\\frontend\\src\\components\\ai-copilot\\ActionCardStack.tsx": {"path":"D:\\project\\contxt\\EcoDreamOmni\\apps\\frontend\\src\\components\\ai-copilot\\ActionCardStack.tsx","statementMap":{"0":{"start":{"line":5,"column":20},"end":{"line":5,"column":59}},"1":{"start":{"line":7,"column":16},"end":{"line":9,"column":59}},"2":{"start":{"line":8,"column":19},"end":{"line":8,"column":32}},"3":{"start":{"line":9,"column":17},"end":{"line":9,"column":59}},"4":{"start":{"line":11,"column":2},"end":{"line":11,"column":null}},"5":{"start":{"line":11,"column":26},"end":{"line":11,"column":null}},"6":{"start":{"line":13,"column":2},"end":{"line":22,"column":null}},"7":{"start":{"line":16,"column":8},"end":{"line":20,"column":null}},"8":{"start":{"line":19,"column":40},"end":{"line":19,"column":null}},"9":{"start":{"line":33,"column":2},"end":{"line":97,"column":null}},"10":{"start":{"line":61,"column":12},"end":{"line":67,"column":null}},"11":{"start":{"line":63,"column":29},"end":{"line":63,"column":57}},"12":{"start":{"line":76,"column":29},"end":{"line":76,"column":47}},"13":{"start":{"line":83,"column":29},"end":{"line":83,"column":45}},"14":{"start":{"line":93,"column":27},"end":{"line":93,"column":41}}},"fnMap":{"0":{"name":"ActionCardStack","decl":{"start":{"line":4,"column":16},"end":{"line":4,"column":34}},"loc":{"start":{"line":4,"column":34},"end":{"line":22,"column":null}},"line":4},"1":{"name":"(anonymous_1)","decl":{"start":{"line":8,"column":5},"end":{"line":8,"column":13}},"loc":{"start":{"line":8,"column":19},"end":{"line":8,"column":32}},"line":8},"2":{"name":"(anonymous_2)","decl":{"start":{"line":9,"column":5},"end":{"line":9,"column":10}},"loc":{"start":{"line":9,"column":17},"end":{"line":9,"column":59}},"line":9},"3":{"name":"(anonymous_3)","decl":{"start":{"line":15,"column":13},"end":{"line":15,"column":18}},"loc":{"start":{"line":16,"column":8},"end":{"line":20,"column":null}},"line":16},"4":{"name":"(anonymous_4)","decl":{"start":{"line":19,"column":10},"end":{"line":19,"column":20}},"loc":{"start":{"line":19,"column":40},"end":{"line":19,"column":null}},"line":19},"5":{"name":"ActionCardItem","decl":{"start":{"line":26,"column":9},"end":{"line":26,"column":24}},"loc":{"start":{"line":32,"column":3},"end":{"line":97,"column":null}},"line":32},"6":{"name":"(anonymous_6)","decl":{"start":{"line":60,"column":24},"end":{"line":60,"column":29}},"loc":{"start":{"line":61,"column":12},"end":{"line":67,"column":null}},"line":61},"7":{"name":"(anonymous_7)","decl":{"start":{"line":63,"column":14},"end":{"line":63,"column":29}},"loc":{"start":{"line":63,"column":29},"end":{"line":63,"column":57}},"line":63},"8":{"name":"(anonymous_8)","decl":{"start":{"line":76,"column":14},"end":{"line":76,"column":29}},"loc":{"start":{"line":76,"column":29},"end":{"line":76,"column":47}},"line":76},"9":{"name":"(anonymous_9)","decl":{"start":{"line":83,"column":14},"end":{"line":83,"column":29}},"loc":{"start":{"line":83,"column":29},"end":{"line":83,"column":45}},"line":83},"10":{"name":"(anonymous_10)","decl":{"start":{"line":93,"column":12},"end":{"line":93,"column":27}},"loc":{"start":{"line":93,"column":27},"end":{"line":93,"column":41}},"line":93}},"branchMap":{"0":{"loc":{"start":{"line":11,"column":2},"end":{"line":11,"column":null}},"type":"if","locations":[{"start":{"line":11,"column":2},"end":{"line":11,"column":null}},{"start":{},"end":{}}],"line":11},"1":{"loc":{"start":{"line":36,"column":9},"end":{"line":36,"column":null}},"type":"binary-expr","locations":[{"start":{"line":36,"column":9},"end":{"line":36,"column":33}},{"start":{"line":36,"column":33},"end":{"line":36,"column":null}}],"line":36},"2":{"loc":{"start":{"line":37,"column":9},"end":{"line":37,"column":null}},"type":"binary-expr","locations":[{"start":{"line":37,"column":9},"end":{"line":37,"column":36}},{"start":{"line":37,"column":36},"end":{"line":37,"column":null}}],"line":37},"3":{"loc":{"start":{"line":38,"column":9},"end":{"line":38,"column":null}},"type":"binary-expr","locations":[{"start":{"line":38,"column":9},"end":{"line":38,"column":41}},{"start":{"line":38,"column":41},"end":{"line":38,"column":null}}],"line":38},"4":{"loc":{"start":{"line":39,"column":9},"end":{"line":39,"column":null}},"type":"binary-expr","locations":[{"start":{"line":39,"column":9},"end":{"line":39,"column":33}},{"start":{"line":39,"column":33},"end":{"line":39,"column":null}}],"line":39},"5":{"loc":{"start":{"line":43,"column":7},"end":{"line":44,"column":null}},"type":"binary-expr","locations":[{"start":{"line":43,"column":7},"end":{"line":43,"column":null}},{"start":{"line":44,"column":8},"end":{"line":44,"column":null}}],"line":43},"6":{"loc":{"start":{"line":47,"column":7},"end":{"line":54,"column":null}},"type":"binary-expr","locations":[{"start":{"line":47,"column":7},"end":{"line":47,"column":null}},{"start":{"line":48,"column":8},"end":{"line":54,"column":null}}],"line":47},"7":{"loc":{"start":{"line":58,"column":7},"end":{"line":69,"column":null}},"type":"binary-expr","locations":[{"start":{"line":58,"column":7},"end":{"line":58,"column":null}},{"start":{"line":59,"column":8},"end":{"line":69,"column":null}}],"line":58},"8":{"loc":{"start":{"line":73,"column":9},"end":{"line":91,"column":14}},"type":"binary-expr","locations":[{"start":{"line":73,"column":9},"end":{"line":73,"column":null}},{"start":{"line":74,"column":10},"end":{"line":91,"column":14}}],"line":73},"9":{"loc":{"start":{"line":91,"column":9},"end":{"line":97,"column":null}},"type":"binary-expr","locations":[{"start":{"line":91,"column":9},"end":{"line":91,"column":null}},{"start":{"line":92,"column":10},"end":{"line":97,"column":null}}],"line":91}},"s":{"0":3,"1":3,"2":0,"3":0,"4":3,"5":3,"6":0,"7":0,"8":0,"9":0,"10":0,"11":0,"12":0,"13":0,"14":0},"f":{"0":3,"1":0,"2":0,"3":0,"4":0,"5":0,"6":0,"7":0,"8":0,"9":0,"10":0},"b":{"0":[3,0],"1":[0,0],"2":[0,0],"3":[0,0],"4":[0,0],"5":[0,0],"6":[0,0],"7":[0,0],"8":[0,0],"9":[0,0]},"meta":{"lastBranch":10,"lastFunction":11,"lastStatement":15,"seen":{"f:4:16:4:34":0,"s:5:20:5:59":0,"s:7:16:9:59":1,"f:8:5:8:13":1,"s:8:19:8:32":2,"f:9:5:9:10":2,"s:9:17:9:59":3,"b:11:2:11:Infinity:undefined:undefined:undefined:undefined":0,"s:11:2:11:Infinity":4,"s:11:26:11:Infinity":5,"s:13:2:22:Infinity":6,"f:15:13:15:18":3,"s:16:8:20:Infinity":7,"f:19:10:19:20":4,"s:19:40:19:Infinity":8,"f:26:9:26:24":5,"s:33:2:97:Infinity":9,"b:36:9:36:33:36:33:36:Infinity":1,"b:37:9:37:36:37:36:37:Infinity":2,"b:38:9:38:41:38:41:38:Infinity":3,"b:39:9:39:33:39:33:39:Infinity":4,"b:43:7:43:Infinity:44:8:44:Infinity":5,"b:47:7:47:Infinity:48:8:54:Infinity":6,"b:58:7:58:Infinity:59:8:69:Infinity":7,"f:60:24:60:29":6,"s:61:12:67:Infinity":10,"f:63:14:63:29":7,"s:63:29:63:57":11,"b:73:9:73:Infinity:74:10:91:14":8,"f:76:14:76:29":8,"s:76:29:76:47":12,"f:83:14:83:29":9,"s:83:29:83:45":13,"b:91:9:91:Infinity:92:10:97:Infinity":9,"f:93:12:93:27":10,"s:93:27:93:41":14}}}
,"D:\\project\\contxt\\EcoDreamOmni\\apps\\frontend\\src\\components\\ai-copilot\\ContextBar.tsx": {"path":"D:\\project\\contxt\\EcoDreamOmni\\apps\\frontend\\src\\components\\ai-copilot\\ContextBar.tsx","statementMap":{"0":{"start":{"line":5,"column":19},"end":{"line":5,"column":53}},"1":{"start":{"line":7,"column":2},"end":{"line":8,"column":null}},"2":{"start":{"line":8,"column":4},"end":{"line":8,"column":null}},"3":{"start":{"line":11,"column":2},"end":{"line":35,"column":null}},"4":{"start":{"line":19,"column":28},"end":{"line":19,"column":null}},"5":{"start":{"line":25,"column":28},"end":{"line":25,"column":null}},"6":{"start":{"line":31,"column":28},"end":{"line":31,"column":null}},"7":{"start":{"line":40,"column":2},"end":{"line":45,"column":null}}},"fnMap":{"0":{"name":"ContextBar","decl":{"start":{"line":4,"column":16},"end":{"line":4,"column":29}},"loc":{"start":{"line":4,"column":29},"end":{"line":35,"column":null}},"line":4},"1":{"name":"(anonymous_1)","decl":{"start":{"line":19,"column":12},"end":{"line":19,"column":28}},"loc":{"start":{"line":19,"column":28},"end":{"line":19,"column":null}},"line":19},"2":{"name":"(anonymous_2)","decl":{"start":{"line":25,"column":12},"end":{"line":25,"column":28}},"loc":{"start":{"line":25,"column":28},"end":{"line":25,"column":null}},"line":25},"3":{"name":"(anonymous_3)","decl":{"start":{"line":31,"column":12},"end":{"line":31,"column":28}},"loc":{"start":{"line":31,"column":28},"end":{"line":31,"column":null}},"line":31},"4":{"name":"ContextTag","decl":{"start":{"line":39,"column":9},"end":{"line":39,"column":20}},"loc":{"start":{"line":39,"column":82},"end":{"line":45,"column":null}},"line":39}},"branchMap":{"0":{"loc":{"start":{"line":7,"column":2},"end":{"line":8,"column":null}},"type":"if","locations":[{"start":{"line":7,"column":2},"end":{"line":8,"column":null}},{"start":{},"end":{}}],"line":7},"1":{"loc":{"start":{"line":7,"column":6},"end":{"line":7,"column":77}},"type":"binary-expr","locations":[{"start":{"line":7,"column":6},"end":{"line":7,"column":30}},{"start":{"line":7,"column":30},"end":{"line":7,"column":60}},{"start":{"line":7,"column":60},"end":{"line":7,"column":77}}],"line":7},"2":{"loc":{"start":{"line":16,"column":9},"end":{"line":20,"column":null}},"type":"binary-expr","locations":[{"start":{"line":16,"column":9},"end":{"line":16,"column":null}},{"start":{"line":17,"column":10},"end":{"line":20,"column":null}}],"line":16},"3":{"loc":{"start":{"line":22,"column":9},"end":{"line":26,"column":null}},"type":"binary-expr","locations":[{"start":{"line":22,"column":9},"end":{"line":22,"column":null}},{"start":{"line":23,"column":10},"end":{"line":26,"column":null}}],"line":22},"4":{"loc":{"start":{"line":28,"column":9},"end":{"line":32,"column":null}},"type":"binary-expr","locations":[{"start":{"line":28,"column":9},"end":{"line":28,"column":null}},{"start":{"line":29,"column":10},"end":{"line":32,"column":null}}],"line":28}},"s":{"0":3,"1":3,"2":3,"3":0,"4":0,"5":0,"6":0,"7":0},"f":{"0":3,"1":0,"2":0,"3":0,"4":0},"b":{"0":[3,0],"1":[3,3,3],"2":[0,0],"3":[3,0],"4":[3,0]},"meta":{"lastBranch":5,"lastFunction":5,"lastStatement":8,"seen":{"f:4:16:4:29":0,"s:5:19:5:53":0,"b:7:2:8:Infinity:undefined:undefined:undefined:undefined":0,"s:7:2:8:Infinity":1,"b:7:6:7:30:7:30:7:60:7:60:7:77":1,"s:8:4:8:Infinity":2,"s:11:2:35:Infinity":3,"b:16:9:16:Infinity:17:10:20:Infinity":2,"f:19:12:19:28":1,"s:19:28:19:Infinity":4,"b:22:9:22:Infinity:23:10:26:Infinity":3,"f:25:12:25:28":2,"s:25:28:25:Infinity":5,"b:28:9:28:Infinity:29:10:32:Infinity":4,"f:31:12:31:28":3,"s:31:28:31:Infinity":6,"f:39:9:39:20":4,"s:40:2:45:Infinity":7}}}
,"D:\\project\\contxt\\EcoDreamOmni\\apps\\frontend\\src\\components\\ai-copilot\\InputBox.tsx": {"path":"D:\\project\\contxt\\EcoDreamOmni\\apps\\frontend\\src\\components\\ai-copilot\\InputBox.tsx","statementMap":{"0":{"start":{"line":11,"column":16},"end":{"line":11,"column":40}},"1":{"start":{"line":12,"column":8},"end":{"line":12,"column":55}},"2":{"start":{"line":13,"column":17},"end":{"line":13,"column":null}},"3":{"start":{"line":15,"column":8},"end":{"line":23,"column":29}},"4":{"start":{"line":16,"column":20},"end":{"line":16,"column":32}},"5":{"start":{"line":17,"column":4},"end":{"line":17,"column":null}},"6":{"start":{"line":17,"column":28},"end":{"line":17,"column":null}},"7":{"start":{"line":18,"column":4},"end":{"line":18,"column":null}},"8":{"start":{"line":19,"column":4},"end":{"line":19,"column":null}},"9":{"start":{"line":20,"column":4},"end":{"line":21,"column":null}},"10":{"start":{"line":21,"column":6},"end":{"line":21,"column":null}},"11":{"start":{"line":25,"column":8},"end":{"line":28,"column":null}},"12":{"start":{"line":26,"column":4},"end":{"line":28,"column":null}},"13":{"start":{"line":27,"column":6},"end":{"line":27,"column":null}},"14":{"start":{"line":28,"column":6},"end":{"line":28,"column":null}},"15":{"start":{"line":32,"column":8},"end":{"line":35,"column":null}},"16":{"start":{"line":33,"column":19},"end":{"line":33,"column":null}},"17":{"start":{"line":34,"column":4},"end":{"line":34,"column":null}},"18":{"start":{"line":35,"column":4},"end":{"line":35,"column":null}},"19":{"start":{"line":38,"column":2},"end":{"line":71,"column":null}},"20":{"start":{"line":44,"column":27},"end":{"line":44,"column":51}}},"fnMap":{"0":{"name":"InputBox","decl":{"start":{"line":10,"column":16},"end":{"line":10,"column":25}},"loc":{"start":{"line":10,"column":69},"end":{"line":71,"column":null}},"line":10},"1":{"name":"(anonymous_1)","decl":{"start":{"line":15,"column":21},"end":{"line":15,"column":39}},"loc":{"start":{"line":15,"column":39},"end":{"line":23,"column":6}},"line":15},"2":{"name":"(anonymous_2)","decl":{"start":{"line":25,"column":8},"end":{"line":25,"column":25}},"loc":{"start":{"line":25,"column":73},"end":{"line":28,"column":null}},"line":25},"3":{"name":"(anonymous_3)","decl":{"start":{"line":32,"column":8},"end":{"line":32,"column":23}},"loc":{"start":{"line":32,"column":67},"end":{"line":35,"column":null}},"line":32},"4":{"name":"(anonymous_4)","decl":{"start":{"line":44,"column":10},"end":{"line":44,"column":21}},"loc":{"start":{"line":44,"column":27},"end":{"line":44,"column":51}},"line":44}},"branchMap":{"0":{"loc":{"start":{"line":13,"column":17},"end":{"line":13,"column":null}},"type":"binary-expr","locations":[{"start":{"line":13,"column":17},"end":{"line":13,"column":42}},{"start":{"line":13,"column":42},"end":{"line":13,"column":null}}],"line":13},"1":{"loc":{"start":{"line":17,"column":4},"end":{"line":17,"column":null}},"type":"if","locations":[{"start":{"line":17,"column":4},"end":{"line":17,"column":null}},{"start":{},"end":{}}],"line":17},"2":{"loc":{"start":{"line":17,"column":8},"end":{"line":17,"column":28}},"type":"binary-expr","locations":[{"start":{"line":17,"column":8},"end":{"line":17,"column":20}},{"start":{"line":17,"column":20},"end":{"line":17,"column":28}}],"line":17},"3":{"loc":{"start":{"line":20,"column":4},"end":{"line":21,"column":null}},"type":"if","locations":[{"start":{"line":20,"column":4},"end":{"line":21,"column":null}},{"start":{},"end":{}}],"line":20},"4":{"loc":{"start":{"line":26,"column":4},"end":{"line":28,"column":null}},"type":"if","locations":[{"start":{"line":26,"column":4},"end":{"line":28,"column":null}},{"start":{},"end":{}}],"line":26},"5":{"loc":{"start":{"line":26,"column":8},"end":{"line":26,"column":42}},"type":"binary-expr","locations":[{"start":{"line":26,"column":8},"end":{"line":26,"column":29}},{"start":{"line":26,"column":29},"end":{"line":26,"column":42}}],"line":26},"6":{"loc":{"start":{"line":47,"column":23},"end":{"line":47,"column":null}},"type":"cond-expr","locations":[{"start":{"line":47,"column":32},"end":{"line":47,"column":47}},{"start":{"line":47,"column":47},"end":{"line":47,"column":null}}],"line":47},"7":{"loc":{"start":{"line":52,"column":9},"end":{"line":68,"column":null}},"type":"cond-expr","locations":[{"start":{"line":53,"column":10},"end":{"line":61,"column":11}},{"start":{"line":61,"column":10},"end":{"line":68,"column":null}}],"line":52}},"s":{"0":11,"1":11,"2":11,"3":11,"4":2,"5":2,"6":0,"7":2,"8":2,"9":2,"10":2,"11":11,"12":1,"13":1,"14":1,"15":11,"16":0,"17":0,"18":0,"19":11,"20":2},"f":{"0":11,"1":2,"2":1,"3":0,"4":2},"b":{"0":[11,10],"1":[0,2],"2":[2,2],"3":[2,0],"4":[1,0],"5":[1,1],"6":[1,10],"7":[1,10]},"meta":{"lastBranch":8,"lastFunction":5,"lastStatement":21,"seen":{"f:10:16:10:25":0,"s:11:16:11:40":0,"s:12:8:12:55":1,"s:13:17:13:Infinity":2,"b:13:17:13:42:13:42:13:Infinity":0,"s:15:8:23:29":3,"f:15:21:15:39":1,"s:16:20:16:32":4,"b:17:4:17:Infinity:undefined:undefined:undefined:undefined":1,"s:17:4:17:Infinity":5,"b:17:8:17:20:17:20:17:28":2,"s:17:28:17:Infinity":6,"s:18:4:18:Infinity":7,"s:19:4:19:Infinity":8,"b:20:4:21:Infinity:undefined:undefined:undefined:undefined":3,"s:20:4:21:Infinity":9,"s:21:6:21:Infinity":10,"s:25:8:28:Infinity":11,"f:25:8:25:25":2,"b:26:4:28:Infinity:undefined:undefined:undefined:undefined":4,"s:26:4:28:Infinity":12,"b:26:8:26:29:26:29:26:42":5,"s:27:6:27:Infinity":13,"s:28:6:28:Infinity":14,"s:32:8:35:Infinity":15,"f:32:8:32:23":3,"s:33:19:33:Infinity":16,"s:34:4:34:Infinity":17,"s:35:4:35:Infinity":18,"s:38:2:71:Infinity":19,"f:44:10:44:21":4,"s:44:27:44:51":20,"b:47:32:47:47:47:47:47:Infinity":6,"b:53:10:61:11:61:10:68:Infinity":7}}}
,"D:\\project\\contxt\\EcoDreamOmni\\apps\\frontend\\src\\components\\ai-copilot\\MessageHistory.tsx": {"path":"D:\\project\\contxt\\EcoDreamOmni\\apps\\frontend\\src\\components\\ai-copilot\\MessageHistory.tsx","statementMap":{"0":{"start":{"line":6,"column":20},"end":{"line":6,"column":50}},"1":{"start":{"line":7,"column":8},"end":{"line":7,"column":48}},"2":{"start":{"line":9,"column":2},"end":{"line":11,"column":null}},"3":{"start":{"line":10,"column":4},"end":{"line":10,"column":null}},"4":{"start":{"line":13,"column":2},"end":{"line":23,"column":null}},"5":{"start":{"line":14,"column":4},"end":{"line":23,"column":null}},"6":{"start":{"line":27,"column":2},"end":{"line":33,"column":null}},"7":{"start":{"line":30,"column":8},"end":{"line":30,"column":null}},"8":{"start":{"line":39,"column":17},"end":{"line":39,"column":null}},"9":{"start":{"line":41,"column":2},"end":{"line":62,"column":null}},"10":{"start":{"line":68,"column":2},"end":{"line":75,"column":null}}},"fnMap":{"0":{"name":"MessageHistory","decl":{"start":{"line":5,"column":16},"end":{"line":5,"column":33}},"loc":{"start":{"line":5,"column":33},"end":{"line":33,"column":null}},"line":5},"1":{"name":"(anonymous_1)","decl":{"start":{"line":9,"column":2},"end":{"line":9,"column":18}},"loc":{"start":{"line":9,"column":18},"end":{"line":11,"column":6}},"line":9},"2":{"name":"(anonymous_2)","decl":{"start":{"line":29,"column":16},"end":{"line":29,"column":21}},"loc":{"start":{"line":30,"column":8},"end":{"line":30,"column":null}},"line":30},"3":{"name":"MessageItem","decl":{"start":{"line":38,"column":9},"end":{"line":38,"column":21}},"loc":{"start":{"line":38,"column":63},"end":{"line":62,"column":null}},"line":38},"4":{"name":"ThinkingIndicator","decl":{"start":{"line":67,"column":9},"end":{"line":67,"column":29}},"loc":{"start":{"line":67,"column":29},"end":{"line":75,"column":null}},"line":67}},"branchMap":{"0":{"loc":{"start":{"line":13,"column":2},"end":{"line":23,"column":null}},"type":"if","locations":[{"start":{"line":13,"column":2},"end":{"line":23,"column":null}},{"start":{},"end":{}}],"line":13},"1":{"loc":{"start":{"line":32,"column":7},"end":{"line":32,"column":null}},"type":"binary-expr","locations":[{"start":{"line":32,"column":7},"end":{"line":32,"column":32}},{"start":{"line":32,"column":32},"end":{"line":32,"column":null}}],"line":32},"2":{"loc":{"start":{"line":42,"column":34},"end":{"line":42,"column":null}},"type":"cond-expr","locations":[{"start":{"line":42,"column":43},"end":{"line":42,"column":64}},{"start":{"line":42,"column":64},"end":{"line":42,"column":null}}],"line":42},"3":{"loc":{"start":{"line":45,"column":10},"end":{"line":45,"column":null}},"type":"cond-expr","locations":[{"start":{"line":45,"column":19},"end":{"line":45,"column":36}},{"start":{"line":45,"column":36},"end":{"line":45,"column":null}}],"line":45},"4":{"loc":{"start":{"line":48,"column":9},"end":{"line":51,"column":null}},"type":"cond-expr","locations":[{"start":{"line":49,"column":10},"end":{"line":51,"column":11}},{"start":{"line":51,"column":10},"end":{"line":51,"column":null}}],"line":48},"5":{"loc":{"start":{"line":56,"column":10},"end":{"line":58,"column":null}},"type":"cond-expr","locations":[{"start":{"line":57,"column":14},"end":{"line":57,"column":null}},{"start":{"line":58,"column":14},"end":{"line":58,"column":null}}],"line":56},"6":{"loc":{"start":{"line":61,"column":9},"end":{"line":61,"column":null}},"type":"binary-expr","locations":[{"start":{"line":61,"column":9},"end":{"line":61,"column":29}},{"start":{"line":61,"column":29},"end":{"line":61,"column":null}}],"line":61},"7":{"loc":{"start":{"line":61,"column":29},"end":{"line":61,"column":null}},"type":"cond-expr","locations":[{"start":{"line":61,"column":60},"end":{"line":61,"column":null}},{"start":{"line":61,"column":103},"end":{"line":61,"column":null}}],"line":61}},"s":{"0":3,"1":3,"2":3,"3":3,"4":3,"5":3,"6":0,"7":0,"8":0,"9":0,"10":0},"f":{"0":3,"1":3,"2":0,"3":0,"4":0},"b":{"0":[3,0],"1":[0,0],"2":[0,0],"3":[0,0],"4":[0,0],"5":[0,0],"6":[0,0],"7":[0,0]},"meta":{"lastBranch":8,"lastFunction":5,"lastStatement":11,"seen":{"f:5:16:5:33":0,"s:6:20:6:50":0,"s:7:8:7:48":1,"s:9:2:11:Infinity":2,"f:9:2:9:18":1,"s:10:4:10:Infinity":3,"b:13:2:23:Infinity:undefined:undefined:undefined:undefined":0,"s:13:2:23:Infinity":4,"s:14:4:23:Infinity":5,"s:27:2:33:Infinity":6,"f:29:16:29:21":2,"s:30:8:30:Infinity":7,"b:32:7:32:32:32:32:32:Infinity":1,"f:38:9:38:21":3,"s:39:17:39:Infinity":8,"s:41:2:62:Infinity":9,"b:42:43:42:64:42:64:42:Infinity":2,"b:45:19:45:36:45:36:45:Infinity":3,"b:49:10:51:11:51:10:51:Infinity":4,"b:57:14:57:Infinity:58:14:58:Infinity":5,"b:61:9:61:29:61:29:61:Infinity":6,"b:61:60:61:Infinity:61:103:61:Infinity":7,"f:67:9:67:29":4,"s:68:2:75:Infinity":10}}}
,"D:\\project\\contxt\\EcoDreamOmni\\apps\\frontend\\src\\components\\ai-copilot\\QuickActionBar.tsx": {"path":"D:\\project\\contxt\\EcoDreamOmni\\apps\\frontend\\src\\components\\ai-copilot\\QuickActionBar.tsx","statementMap":{"0":{"start":{"line":9,"column":10},"end":{"line":9,"column":46}},"1":{"start":{"line":11,"column":2},"end":{"line":11,"column":null}},"2":{"start":{"line":11,"column":33},"end":{"line":11,"column":null}},"3":{"start":{"line":13,"column":2},"end":{"line":31,"column":null}},"4":{"start":{"line":23,"column":10},"end":{"line":29,"column":null}},"5":{"start":{"line":25,"column":27},"end":{"line":25,"column":50}}},"fnMap":{"0":{"name":"QuickActionBar","decl":{"start":{"line":8,"column":16},"end":{"line":8,"column":31}},"loc":{"start":{"line":8,"column":71},"end":{"line":31,"column":null}},"line":8},"1":{"name":"(anonymous_1)","decl":{"start":{"line":22,"column":22},"end":{"line":22,"column":27}},"loc":{"start":{"line":23,"column":10},"end":{"line":29,"column":null}},"line":23},"2":{"name":"(anonymous_2)","decl":{"start":{"line":25,"column":12},"end":{"line":25,"column":27}},"loc":{"start":{"line":25,"column":27},"end":{"line":25,"column":50}},"line":25}},"branchMap":{"0":{"loc":{"start":{"line":11,"column":2},"end":{"line":11,"column":null}},"type":"if","locations":[{"start":{"line":11,"column":2},"end":{"line":11,"column":null}},{"start":{},"end":{}}],"line":11}},"s":{"0":3,"1":3,"2":0,"3":3,"4":12,"5":0},"f":{"0":3,"1":12,"2":0},"b":{"0":[0,3]},"meta":{"lastBranch":1,"lastFunction":3,"lastStatement":6,"seen":{"f:8:16:8:31":0,"s:9:10:9:46":0,"b:11:2:11:Infinity:undefined:undefined:undefined:undefined":0,"s:11:2:11:Infinity":1,"s:11:33:11:Infinity":2,"s:13:2:31:Infinity":3,"f:22:22:22:27":1,"s:23:10:29:Infinity":4,"f:25:12:25:27":2,"s:25:27:25:50":5}}}
,"D:\\project\\contxt\\EcoDreamOmni\\apps\\frontend\\src\\components\\common\\PageHeader.tsx": {"path":"D:\\project\\contxt\\EcoDreamOmni\\apps\\frontend\\src\\components\\common\\PageHeader.tsx","statementMap":{"0":{"start":{"line":11,"column":2},"end":{"line":17,"column":null}}},"fnMap":{"0":{"name":"PageHeader","decl":{"start":{"line":10,"column":16},"end":{"line":10,"column":27}},"loc":{"start":{"line":10,"column":84},"end":{"line":17,"column":null}},"line":10}},"branchMap":{"0":{"loc":{"start":{"line":15,"column":9},"end":{"line":16,"column":null}},"type":"binary-expr","locations":[{"start":{"line":15,"column":9},"end":{"line":15,"column":21}},{"start":{"line":15,"column":21},"end":{"line":16,"column":null}}],"line":15},"1":{"loc":{"start":{"line":17,"column":7},"end":{"line":17,"column":null}},"type":"binary-expr","locations":[{"start":{"line":17,"column":7},"end":{"line":17,"column":17}},{"start":{"line":17,"column":17},"end":{"line":17,"column":null}}],"line":17}},"s":{"0":144},"f":{"0":144},"b":{"0":[144,144],"1":[144,64]},"meta":{"lastBranch":2,"lastFunction":1,"lastStatement":1,"seen":{"f:10:16:10:27":0,"s:11:2:17:Infinity":0,"b:15:9:15:21:15:21:16:Infinity":0,"b:17:7:17:17:17:17:17:Infinity":1}}}
,"D:\\project\\contxt\\EcoDreamOmni\\apps\\frontend\\src\\components\\common\\SlidePanel.tsx": {"path":"D:\\project\\contxt\\EcoDreamOmni\\apps\\frontend\\src\\components\\common\\SlidePanel.tsx","statementMap":{"0":{"start":{"line":13,"column":2},"end":{"line":44,"column":null}}},"fnMap":{"0":{"name":"SlidePanel","decl":{"start":{"line":12,"column":16},"end":{"line":12,"column":27}},"loc":{"start":{"line":12,"column":97},"end":{"line":44,"column":null}},"line":12}},"branchMap":{"0":{"loc":{"start":{"line":12,"column":61},"end":{"line":12,"column":97}},"type":"default-arg","locations":[{"start":{"line":12,"column":69},"end":{"line":12,"column":97}}],"line":12},"1":{"loc":{"start":{"line":16,"column":7},"end":{"line":24,"column":7}},"type":"binary-expr","locations":[{"start":{"line":16,"column":7},"end":{"line":16,"column":null}},{"start":{"line":17,"column":8},"end":{"line":24,"column":7}}],"line":16},"2":{"loc":{"start":{"line":26,"column":10},"end":{"line":26,"column":null}},"type":"cond-expr","locations":[{"start":{"line":26,"column":17},"end":{"line":26,"column":35}},{"start":{"line":26,"column":35},"end":{"line":26,"column":null}}],"line":26}},"s":{"0":16},"f":{"0":16},"b":{"0":[16],"1":[16,0],"2":[0,16]},"meta":{"lastBranch":3,"lastFunction":1,"lastStatement":1,"seen":{"f:12:16:12:27":0,"b:12:69:12:97":0,"s:13:2:44:Infinity":0,"b:16:7:16:Infinity:17:8:24:7":1,"b:26:17:26:35:26:35:26:Infinity":2}}}
,"D:\\project\\contxt\\EcoDreamOmni\\apps\\frontend\\src\\components\\common\\StatCard.tsx": {"path":"D:\\project\\contxt\\EcoDreamOmni\\apps\\frontend\\src\\components\\common\\StatCard.tsx","statementMap":{"0":{"start":{"line":15,"column":53},"end":{"line":21,"column":null}},"1":{"start":{"line":24,"column":2},"end":{"line":28,"column":null}}},"fnMap":{"0":{"name":"StatCard","decl":{"start":{"line":23,"column":16},"end":{"line":23,"column":25}},"loc":{"start":{"line":23,"column":102},"end":{"line":28,"column":null}},"line":23}},"branchMap":{"0":{"loc":{"start":{"line":23,"column":53},"end":{"line":23,"column":74}},"type":"default-arg","locations":[{"start":{"line":23,"column":63},"end":{"line":23,"column":74}}],"line":23},"1":{"loc":{"start":{"line":26,"column":7},"end":{"line":26,"column":null}},"type":"binary-expr","locations":[{"start":{"line":26,"column":7},"end":{"line":26,"column":15}},{"start":{"line":26,"column":15},"end":{"line":26,"column":null}}],"line":26}},"s":{"0":4,"1":92},"f":{"0":92},"b":{"0":[92],"1":[92,92]},"meta":{"lastBranch":2,"lastFunction":1,"lastStatement":2,"seen":{"s:15:53:21:Infinity":0,"f:23:16:23:25":0,"b:23:63:23:74":0,"s:24:2:28:Infinity":1,"b:26:7:26:15:26:15:26:Infinity":1}}}
[...]
95,"column":42},"end":{"line":307,"column":null}},"line":295},"12":{"name":"(anonymous_12)","decl":{"start":{"line":311,"column":17},"end":{"line":311,"column":24}},"loc":{"start":{"line":311,"column":31},"end":{"line":322,"column":null}},"line":311},"13":{"name":"(anonymous_13)","decl":{"start":{"line":326,"column":17},"end":{"line":326,"column":24}},"loc":{"start":{"line":326,"column":31},"end":{"line":340,"column":null}},"line":326},"14":{"name":"(anonymous_14)","decl":{"start":{"line":333,"column":38},"end":{"line":333,"column":51}},"loc":{"start":{"line":333,"column":51},"end":{"line":333,"column":53}},"line":333},"15":{"name":"(anonymous_15)","decl":{"start":{"line":344,"column":14},"end":{"line":344,"column":21}},"loc":{"start":{"line":344,"column":28},"end":{"line":355,"column":null}},"line":344},"16":{"name":"(anonymous_16)","decl":{"start":{"line":359,"column":12},"end":{"line":359,"column":19}},"loc":{"start":{"line":359,"column":26},"end":{"line":371,"column":null}},"line":359},"17":{"name":"(anonymous_17)","decl":{"start":{"line":375,"column":14},"end":{"line":375,"column":21}},"loc":{"start":{"line":375,"column":28},"end":{"line":386,"column":null}},"line":375},"18":{"name":"(anonymous_18)","decl":{"start":{"line":390,"column":17},"end":{"line":390,"column":24}},"loc":{"start":{"line":390,"column":51},"end":{"line":402,"column":null}},"line":390}},"branchMap":{"0":{"loc":{"start":{"line":177,"column":6},"end":{"line":177,"column":null}},"type":"if","locations":[{"start":{"line":177,"column":6},"end":{"line":177,"column":null}},{"start":{},"end":{}}],"line":177},"1":{"loc":{"start":{"line":179,"column":19},"end":{"line":179,"column":65}},"type":"cond-expr","locations":[{"start":{"line":179,"column":41},"end":{"line":179,"column":49}},{"start":{"line":179,"column":49},"end":{"line":179,"column":65}}],"line":179},"2":{"loc":{"start":{"line":179,"column":49},"end":{"line":179,"column":65}},"type":"binary-expr","locations":[{"start":{"line":179,"column":49},"end":{"line":179,"column":63}},{"start":{"line":179,"column":63},"end":{"line":179,"column":65}}],"line":179},"3":{"loc":{"start":{"line":181,"column":37},"end":{"line":181,"column":82}},"type":"cond-expr","locations":[{"start":{"line":181,"column":60},"end":{"line":181,"column":74}},{"start":{"line":181,"column":74},"end":{"line":181,"column":82}}],"line":181},"4":{"loc":{"start":{"line":189,"column":6},"end":{"line":189,"column":null}},"type":"if","locations":[{"start":{"line":189,"column":6},"end":{"line":189,"column":null}},{"start":{},"end":{}}],"line":189},"5":{"loc":{"start":{"line":191,"column":27},"end":{"line":191,"column":44}},"type":"binary-expr","locations":[{"start":{"line":191,"column":27},"end":{"line":191,"column":42}},{"start":{"line":191,"column":42},"end":{"line":191,"column":44}}],"line":191},"6":{"loc":{"start":{"line":193,"column":37},"end":{"line":193,"column":82}},"type":"cond-expr","locations":[{"start":{"line":193,"column":60},"end":{"line":193,"column":74}},{"start":{"line":193,"column":74},"end":{"line":193,"column":82}}],"line":193},"7":{"loc":{"start":{"line":201,"column":6},"end":{"line":201,"column":null}},"type":"if","locations":[{"start":{"line":201,"column":6},"end":{"line":201,"column":null}},{"start":{},"end":{}}],"line":201},"8":{"loc":{"start":{"line":203,"column":22},"end":{"line":203,"column":38}},"type":"binary-expr","locations":[{"start":{"line":203,"column":22},"end":{"line":203,"column":36}},{"start":{"line":203,"column":36},"end":{"line":203,"column":38}}],"line":203},"9":{"loc":{"start":{"line":205,"column":37},"end":{"line":205,"column":82}},"type":"cond-expr","locations":[{"start":{"line":205,"column":60},"end":{"line":205,"column":74}},{"start":{"line":205,"column":74},"end":{"line":205,"column":82}}],"line":205},"10":{"loc":{"start":{"line":212,"column":6},"end":{"line":212,"column":null}},"type":"if","locations":[{"start":{"line":212,"column":6},"end":{"line":212,"column":null}},{"start":{},"end":{}}],"line":212},"11":{"loc":{"start":{"line":214,"column":22},"end":{"line":214,"column":41}},"type":"binary-expr","locations":[{"start":{"line":214,"column":22},"end":{"line":214,"column":39}},{"start":{"line":214,"column":39},"end":{"line":214,"column":41}}],"line":214},"12":{"loc":{"start":{"line":216,"column":19},"end":{"line":216,"column":66}},"type":"cond-expr","locations":[{"start":{"line":216,"column":42},"end":{"line":216,"column":56}},{"start":{"line":216,"column":56},"end":{"line":216,"column":66}}],"line":216},"13":{"loc":{"start":{"line":223,"column":6},"end":{"line":223,"column":null}},"type":"if","locations":[{"start":{"line":223,"column":6},"end":{"line":223,"column":null}},{"start":{},"end":{}}],"line":223},"14":{"loc":{"start":{"line":225,"column":22},"end":{"line":225,"column":41}},"type":"binary-expr","locations":[{"start":{"line":225,"column":22},"end":{"line":225,"column":39}},{"start":{"line":225,"column":39},"end":{"line":225,"column":41}}],"line":225},"15":{"loc":{"start":{"line":227,"column":19},"end":{"line":227,"column":71}},"type":"cond-expr","locations":[{"start":{"line":227,"column":42},"end":{"line":227,"column":56}},{"start":{"line":227,"column":56},"end":{"line":227,"column":71}}],"line":227},"16":{"loc":{"start":{"line":234,"column":6},"end":{"line":234,"column":null}},"type":"if","locations":[{"start":{"line":234,"column":6},"end":{"line":234,"column":null}},{"start":{},"end":{}}],"line":234},"17":{"loc":{"start":{"line":236,"column":28},"end":{"line":236,"column":44}},"type":"binary-expr","locations":[{"start":{"line":236,"column":28},"end":{"line":236,"column":42}},{"start":{"line":236,"column":42},"end":{"line":236,"column":44}}],"line":236},"18":{"loc":{"start":{"line":238,"column":19},"end":{"line":238,"column":69}},"type":"cond-expr","locations":[{"start":{"line":238,"column":42},"end":{"line":238,"column":56}},{"start":{"line":238,"column":56},"end":{"line":238,"column":69}}],"line":238},"19":{"loc":{"start":{"line":245,"column":6},"end":{"line":245,"column":null}},"type":"if","locations":[{"start":{"line":245,"column":6},"end":{"line":245,"column":null}},{"start":{},"end":{}}],"line":245},"20":{"loc":{"start":{"line":247,"column":13},"end":{"line":247,"column":23}},"type":"binary-expr","locations":[{"start":{"line":247,"column":13},"end":{"line":247,"column":21}},{"start":{"line":247,"column":21},"end":{"line":247,"column":23}}],"line":247},"21":{"loc":{"start":{"line":249,"column":19},"end":{"line":249,"column":66}},"type":"cond-expr","locations":[{"start":{"line":249,"column":42},"end":{"line":249,"column":56}},{"start":{"line":249,"column":56},"end":{"line":249,"column":66}}],"line":249},"22":{"loc":{"start":{"line":257,"column":6},"end":{"line":257,"column":null}},"type":"if","locations":[{"start":{"line":257,"column":6},"end":{"line":257,"column":null}},{"start":{},"end":{}}],"line":257},"23":{"loc":{"start":{"line":260,"column":31},"end":{"line":260,"column":81}},"type":"cond-expr","locations":[{"start":{"line":260,"column":53},"end":{"line":260,"column":61}},{"start":{"line":260,"column":61},"end":{"line":260,"column":81}}],"line":260},"24":{"loc":{"start":{"line":260,"column":61},"end":{"line":260,"column":81}},"type":"binary-expr","locations":[{"start":{"line":260,"column":61},"end":{"line":260,"column":79}},{"start":{"line":260,"column":79},"end":{"line":260,"column":81}}],"line":260},"25":{"loc":{"start":{"line":262,"column":19},"end":{"line":262,"column":69}},"type":"cond-expr","locations":[{"start":{"line":262,"column":42},"end":{"line":262,"column":56}},{"start":{"line":262,"column":56},"end":{"line":262,"column":69}}],"line":262},"26":{"loc":{"start":{"line":269,"column":6},"end":{"line":269,"column":null}},"type":"if","locations":[{"start":{"line":269,"column":6},"end":{"line":269,"column":null}},{"start":{},"end":{}}],"line":269},"27":{"loc":{"start":{"line":271,"column":29},"end":{"line":271,"column":47}},"type":"binary-expr","locations":[{"start":{"line":271,"column":29},"end":{"line":271,"column":45}},{"start":{"line":271,"column":45},"end":{"line":271,"column":47}}],"line":271},"28":{"loc":{"start":{"line":273,"column":19},"end":{"line":273,"column":68}},"type":"cond-expr","locations":[{"start":{"line":273,"column":42},"end":{"line":273,"column":56}},{"start":{"line":273,"column":56},"end":{"line":273,"column":68}}],"line":273},"29":{"loc":{"start":{"line":285,"column":6},"end":{"line":285,"column":null}},"type":"if","locations":[{"start":{"line":285,"column":6},"end":{"line":285,"column":null}},{"start":{},"end":{}}],"line":285},"30":{"loc":{"start":{"line":290,"column":41},"end":{"line":290,"column":86}},"type":"cond-expr","locations":[{"start":{"line":290,"column":64},"end":{"line":290,"column":78}},{"start":{"line":290,"column":78},"end":{"line":290,"column":86}}],"line":290},"31":{"loc":{"start":{"line":302,"column":6},"end":{"line":302,"column":null}},"type":"if","locations":[{"start":{"line":302,"column":6},"end":{"line":302,"column":null}},{"start":{},"end":{}}],"line":302},"32":{"loc":{"start":{"line":306,"column":19},"end":{"line":306,"column":64}},"type":"cond-expr","locations":[{"start":{"line":306,"column":42},"end":{"line":306,"column":56}},{"start":{"line":306,"column":56},"end":{"line":306,"column":64}}],"line":306},"33":{"loc":{"start":{"line":317,"column":6},"end":{"line":317,"column":null}},"type":"if","locations":[{"start":{"line":317,"column":6},"end":{"line":317,"column":null}},{"start":{},"end":{}}],"line":317},"34":{"loc":{"start":{"line":321,"column":19},"end":{"line":321,"column":64}},"type":"cond-expr","locations":[{"start":{"line":321,"column":42},"end":{"line":321,"column":56}},{"start":{"line":321,"column":56},"end":{"line":321,"column":64}}],"line":321},"35":{"loc":{"start":{"line":332,"column":6},"end":{"line":334,"column":null}},"type":"if","locations":[{"start":{"line":332,"column":6},"end":{"line":334,"column":null}},{"start":{},"end":{}}],"line":332},"36":{"loc":{"start":{"line":334,"column":24},"end":{"line":334,"column":65}},"type":"binary-expr","locations":[{"start":{"line":334,"column":24},"end":{"line":334,"column":39}},{"start":{"line":334,"column":39},"end":{"line":334,"column":65}}],"line":334},"37":{"loc":{"start":{"line":339,"column":19},"end":{"line":339,"column":67}},"type":"cond-expr","locations":[{"start":{"line":339,"column":42},"end":{"line":339,"column":56}},{"start":{"line":339,"column":56},"end":{"line":339,"column":67}}],"line":339},"38":{"loc":{"start":{"line":350,"column":6},"end":{"line":350,"column":null}},"type":"if","locations":[{"start":{"line":350,"column":6},"end":{"line":350,"column":null}},{"start":{},"end":{}}],"line":350},"39":{"loc":{"start":{"line":354,"column":19},"end":{"line":354,"column":64}},"type":"cond-expr","locations":[{"start":{"line":354,"column":42},"end":{"line":354,"column":56}},{"start":{"line":354,"column":56},"end":{"line":354,"column":64}}],"line":354},"40":{"loc":{"start":{"line":365,"column":6},"end":{"line":365,"column":null}},"type":"if","locations":[{"start":{"line":365,"column":6},"end":{"line":365,"column":null}},{"start":{},"end":{}}],"line":365},"41":{"loc":{"start":{"line":370,"column":19},"end":{"line":370,"column":64}},"type":"cond-expr","locations":[{"start":{"line":370,"column":42},"end":{"line":370,"column":56}},{"start":{"line":370,"column":56},"end":{"line":370,"column":64}}],"line":370},"42":{"loc":{"start":{"line":381,"column":6},"end":{"line":381,"column":null}},"type":"if","locations":[{"start":{"line":381,"column":6},"end":{"line":381,"column":null}},{"start":{},"end":{}}],"line":381},"43":{"loc":{"start":{"line":385,"column":19},"end":{"line":385,"column":64}},"type":"cond-expr","locations":[{"start":{"line":385,"column":42},"end":{"line":385,"column":56}},{"start":{"line":385,"column":56},"end":{"line":385,"column":64}}],"line":385},"44":{"loc":{"start":{"line":397,"column":6},"end":{"line":397,"column":null}},"type":"if","locations":[{"start":{"line":397,"column":6},"end":{"line":397,"column":null}},{"start":{},"end":{}}],"line":397},"45":{"loc":{"start":{"line":401,"column":19},"end":{"line":401,"column":64}},"type":"cond-expr","locations":[{"start":{"line":401,"column":42},"end":{"line":401,"column":56}},{"start":{"line":401,"column":56},"end":{"line":401,"column":64}}],"line":401}},"s":{"0":1,"1":1,"2":0,"3":0,"4":0,"5":0,"6":0,"7":0,"8":0,"9":0,"10":0,"11":0,"12":0,"13":0,"14":0,"15":0,"16":0,"17":0,"18":0,"19":0,"20":0,"21":0,"22":0,"23":0,"24":0,"25":0,"26":0,"27":0,"28":0,"29":0,"30":0,"31":0,"32":0,"33":0,"34":0,"35":0,"36":0,"37":0,"38":0,"39":0,"40":0,"41":0,"42":0,"43":0,"44":0,"45":0,"46":0,"47":0,"48":0,"49":0,"50":0,"51":0,"52":0,"53":0,"54":0,"55":0,"56":0,"57":0,"58":0,"59":0,"60":0,"61":0,"62":4,"63":4,"64":0,"65":0,"66":0,"67":0,"68":4,"69":0,"70":0,"71":0,"72":0,"73":0,"74":0,"75":0,"76":0,"77":0,"78":0,"79":0,"80":0,"81":0,"82":0,"83":0,"84":0,"85":0,"86":0,"87":0,"88":0,"89":0,"90":0,"91":0,"92":0,"93":0,"94":0,"95":0,"96":0,"97":0,"98":0,"99":0,"100":0,"101":0,"102":0,"103":0,"104":0,"105":0,"106":0,"107":0,"108":0,"109":0,"110":0,"111":0,"112":0,"113":0,"114":0,"115":0,"116":0,"117":0,"118":0,"119":0,"120":0,"121":0,"122":0,"123":0,"124":0,"125":0,"126":0,"127":0,"128":0,"129":0,"130":0,"131":0,"132":0,"133":0,"134":0,"135":0,"136":0,"137":0},"f":{"0":1,"1":0,"2":0,"3":0,"4":0,"5":0,"6":0,"7":0,"8":0,"9":4,"10":0,"11":0,"12":0,"13":0,"14":0,"15":0,"16":0,"17":0,"18":0},"b":{"0":[0,0],"1":[0,0],"2":[0,0],"3":[0,0],"4":[0,0],"5":[0,0],"6":[0,0],"7":[0,0],"8":[0,0],"9":[0,0],"10":[0,0],"11":[0,0],"12":[0,0],"13":[0,0],"14":[0,0],"15":[0,0],"16":[0,0],"17":[0,0],"18":[0,0],"19":[0,0],"20":[0,0],"21":[0,0],"22":[0,0],"23":[0,0],"24":[0,0],"25":[0,0],"26":[0,0],"27":[0,0],"28":[4,0],"29":[0,0],"30":[0,0],"31":[0,0],"32":[0,0],"33":[0,0],"34":[0,0],"35":[0,0],"36":[0,0],"37":[0,0],"38":[0,0],"39":[0,0],"40":[0,0],"41":[0,0],"42":[0,0],"43":[0,0],"44":[0,0],"45":[0,0]},"meta":{"lastBranch":46,"lastFunction":19,"lastStatement":138,"seen":{"s:160:13:405:3":0,"f:160:31:160:53":0,"s:160:67:405:3":1,"f:173:14:173:26":1,"s:174:4:174:Infinity":2,"s:175:4:181:Infinity":3,"s:176:18:176:80":4,"b:177:6:177:Infinity:undefined:undefined:undefined:undefined":0,"s:177:6:177:Infinity":5,"s:177:19:177:Infinity":6,"s:178:19:178:35":7,"s:179:6:179:Infinity":8,"b:179:41:179:49:179:49:179:65":1,"b:179:49:179:63:179:63:179:65":2,"s:181:6:181:Infinity":9,"b:181:60:181:74:181:74:181:82":3,"f:185:22:185:34":2,"s:186:4:186:Infinity":10,"s:187:4:193:Infinity":11,"s:188:18:188:80":12,"b:189:6:189:Infinity:undefined:undefined:undefined:undefined":4,"s:189:6:189:Infinity":13,"s:189:19:189:Infinity":14,"s:190:19:190:35":15,"s:191:6:191:Infinity":16,"b:191:27:191:42:191:42:191:44":5,"s:193:6:193:Infinity":17,"b:193:60:193:74:193:74:193:82":6,"f:197:12:197:24":3,"s:198:4:198:Infinity":18,"s:199:4:205:Infinity":19,"s:200:18:200:78":20,"b:201:6:201:Infinity:undefined:undefined:undefined:undefined":7,"s:201:6:201:Infinity":21,"s:201:19:201:Infinity":22,"s:202:19:202:35":23,"s:203:6:203:Infinity":24,"b:203:22:203:36:203:36:203:38":8,"s:205:6:205:Infinity":25,"b:205:60:205:74:205:74:205:82":9,"f:209:17:209:29":4,"s:210:4:216:Infinity":26,"s:211:18:211:78":27,"b:212:6:212:Infinity:undefined:undefined:undefined:undefined":10,"s:212:6:212:Infinity":28,"s:212:19:212:Infinity":29,"s:213:19:213:35":30,"s:214:6:214:Infinity":31,"b:214:22:214:39:214:39:214:41":11,"s:216:6:216:Infinity":32,"b:216:42:216:56:216:56:216:66":12,"f:220:17:220:29":5,"s:221:4:227:Infinity":33,"s:222:18:222:74":34,"b:223:6:223:Infinity:undefined:undefined:undefined:undefined":13,"s:223:6:223:Infinity":35,"s:223:19:223:Infinity":36,"s:224:19:224:35":37,"s:225:6:225:Infinity":38,"b:225:22:225:39:225:39:225:41":14,"s:227:6:227:Infinity":39,"b:227:42:227:56:227:56:227:71":15,"f:231:23:231:30":6,"s:232:4:238:Infinity":40,"s:233:18:233:125":41,"b:234:6:234:Infinity:undefined:undefined:undefined:undefined":16,"s:234:6:234:Infinity":42,"s:234:19:234:Infinity":43,"s:235:19:235:35":44,"s:236:6:236:Infinity":45,"b:236:28:236:42:236:42:236:44":17,"s:238:6:238:Infinity":46,"b:238:42:238:56:238:56:238:69":18,"f:242:26:242:33":7,"s:243:4:250:Infinity":47,"s:244:18:244:98":48,"b:245:6:245:Infinity:undefined:undefined:undefined:undefined":19,"s:245:6:245:Infinity":49,"s:245:19:245:Infinity":50,"s:246:19:246:35":51,"s:247:6:247:Infinity":52,"b:247:13:247:21:247:21:247:23":20,"s:249:6:249:Infinity":53,"b:249:42:249:56:249:56:249:66":21,"s:250:6:250:Infinity":54,"f:254:26:254:38":8,"s:255:4:262:Infinity":55,"s:256:18:256:91":56,"b:257:6:257:Infinity:undefined:undefined:undefined:undefined":22,"s:257:6:257:Infinity":57,"s:257:19:257:Infinity":58,"s:258:19:258:35":59,"s:260:6:260:Infinity":60,"b:260:53:260:61:260:61:260:81":23,"b:260:61:260:79:260:79:260:81":24,"s:262:6:262:Infinity":61,"b:262:42:262:56:262:56:262:69":25,"f:266:24:266:36":9,"s:267:4:273:Infinity":62,"s:268:18:268:82":63,"b:269:6:269:Infinity:undefined:undefined:undefined:undefined":26,"s:269:6:269:Infinity":64,"s:269:19:269:Infinity":65,"s:270:19:270:35":66,"s:271:6:271:Infinity":67,"b:271:29:271:45:271:45:271:47":27,"s:273:6:273:Infinity":68,"b:273:42:273:56:273:56:273:68":28,"f:277:14:277:21":10,"s:278:4:278:Infinity":69,"s:279:4:291:Infinity":70,"s:280:18:284:8":71,"b:285:6:285:Infinity:undefined:undefined:undefined:undefined":29,"s:285:6:285:Infinity":72,"s:285:19:285:Infinity":73,"s:286:6:286:Infinity":74,"s:287:6:287:Infinity":75,"s:288:6:288:Infinity":76,"s:290:6:290:Infinity":77,"b:290:64:290:78:290:78:290:86":30,"s:291:6:291:Infinity":78,"f:295:20:295:27":11,"s:296:4:307:Infinity":79,"s:297:18:301:8":80,"b:302:6:302:Infinity:undefined:undefined:undefined:undefined":31,"s:302:6:302:Infinity":81,"s:302:19:302:Infinity":82,"s:303:6:303:Infinity":83,"s:304:6:304:Infinity":84,"s:306:6:306:Infinity":85,"b:306:42:306:56:306:56:306:64":32,"s:307:6:307:Infinity":86,"f:311:17:311:24":12,"s:312:4:322:Infinity":87,"s:313:18:316:8":88,"b:317:6:317:Infinity:undefined:undefined:undefined:undefined":33,"s:317:6:317:Infinity":89,"s:317:19:317:Infinity":90,"s:318:6:318:Infinity":91,"s:319:6:319:Infinity":92,"s:321:6:321:Infinity":93,"b:321:42:321:56:321:56:321:64":34,"s:322:6:322:Infinity":94,"f:326:17:326:24":13,"s:327:4:340:Infinity":95,"s:328:18:331:8":96,"b:332:6:334:Infinity:undefined:undefined:undefined:undefined":35,"s:332:6:334:Infinity":97,"s:333:21:333:55":98,"f:333:38:333:51":14,"s:333:51:333:53":99,"s:334:8:334:Infinity":100,"b:334:24:334:39:334:39:334:65":36,"s:336:6:336:Infinity":101,"s:337:6:337:Infinity":102,"s:339:6:339:Infinity":103,"b:339:42:339:56:339:56:339:67":37,"s:340:6:340:Infinity":104,"f:344:14:344:21":15,"s:345:4:355:Infinity":105,"s:346:18:349:8":106,"b:350:6:350:Infinity:undefined:undefined:undefined:undefined":38,"s:350:6:350:Infinity":107,"s:350:19:350:Infinity":108,"s:351:6:351:Infinity":109,"s:352:6:352:Infinity":110,"s:354:6:354:Infinity":111,"b:354:42:354:56:354:56:354:64":39,"s:355:6:355:Infinity":112,"f:359:12:359:19":16,"s:360:4:371:Infinity":113,"s:361:18:364:8":114,"b:365:6:365:Infinity:undefined:undefined:undefined:undefined":40,"s:365:6:365:Infinity":115,"s:365:19:365:Infinity":116,"s:366:6:366:Infinity":117,"s:367:6:367:Infinity":118,"s:368:6:368:Infinity":119,"s:370:6:370:Infinity":120,"b:370:42:370:56:370:56:370:64":41,"s:371:6:371:Infinity":121,"f:375:14:375:21":17,"s:376:4:386:Infinity":122,"s:377:18:380:8":123,"b:381:6:381:Infinity:undefined:undefined:undefined:undefined":42,"s:381:6:381:Infinity":124,"s:381:19:381:Infinity":125,"s:382:6:382:Infinity":126,"s:383:6:383:Infinity":127,"s:385:6:385:Infinity":128,"b:385:42:385:56:385:56:385:64":43,"s:386:6:386:Infinity":129,"f:390:17:390:24":18,"s:391:4:402:Infinity":130,"s:392:18:396:8":131,"b:397:6:397:Infinity:undefined:undefined:undefined:undefined":44,"s:397:6:397:Infinity":132,"s:397:19:397:Infinity":133,"s:398:6:398:Infinity":134,"s:399:6:399:Infinity":135,"s:401:6:401:Infinity":136,"b:401:42:401:56:401:56:401:64":45,"s:402:6:402:Infinity":137}}}
}
